This file contains any messages produced by compilers while
running configure, to aid debugging if configure makes a mistake.

It was created by libffi configure 3.2.1, which was
generated by GNU Autoconf 2.69.  Invocation command line was

  $ ../configure CC=../msvcc.sh  -DUSE_STATIC_RT -m64 CXX=../msvcc.sh  -DUSE_STATIC_RT -m64 CPP=cl -nologo -EP LD=link CFLAGS=-O2 --prefix=/cygdrive/f/workspace/vs14/x64/libffi-3.2.1/build_x64/install

## --------- ##
## Platform. ##
## --------- ##

hostname = DESKTOP-ATVVED1
uname -m = x86_64
uname -r = 2.8.0(0.309/5/3)
uname -s = CYGWIN_NT-10.0
uname -v = 2017-04-01 20:47

/usr/bin/uname -p = unknown
/bin/uname -X     = unknown

/bin/arch              = x86_64
/usr/bin/arch -k       = unknown
/usr/convex/getsysinfo = unknown
/usr/bin/hostinfo      = unknown
/bin/machine           = unknown
/usr/bin/oslevel       = unknown
/bin/universe          = unknown

PATH: /usr/local/bin
PATH: /usr/bin
PATH: /cygdrive/c/Program Files (x86)/Microsoft Visual Studio 14.0/Common7/IDE/CommonExtensions/Microsoft/TestWindow
PATH: /cygdrive/c/Program Files (x86)/MSBuild/14.0/bin/amd64
PATH: /cygdrive/c/Program Files (x86)/Microsoft Visual Studio 14.0/VC/BIN/amd64
PATH: /cygdrive/c/Windows/Microsoft.NET/Framework64/v4.0.30319
PATH: /cygdrive/c/Program Files (x86)/Microsoft Visual Studio 14.0/VC/VCPackages
PATH: /cygdrive/c/Program Files (x86)/Microsoft Visual Studio 14.0/Common7/IDE
PATH: /cygdrive/c/Program Files (x86)/Microsoft Visual Studio 14.0/Common7/Tools
PATH: /cygdrive/c/Program Files (x86)/HTML Help Workshop
PATH: /cygdrive/c/Program Files (x86)/Microsoft Visual Studio 14.0/Team Tools/Performance Tools/x64
PATH: /cygdrive/c/Program Files (x86)/Microsoft Visual Studio 14.0/Team Tools/Performance Tools
PATH: /cygdrive/c/Program Files (x86)/Windows Kits/8.1/bin/x64
PATH: /cygdrive/c/Program Files (x86)/Windows Kits/8.1/bin/x86
PATH: /cygdrive/c/Program Files (x86)/Microsoft SDKs/Windows/v10.0A/bin/NETFX 4.6.1 Tools/x64
PATH: /cygdrive/c/Program Files/Docker/Docker/Resources/bin
PATH: /cygdrive/c/WINDOWS/system32
PATH: /cygdrive/c/WINDOWS
PATH: /cygdrive/c/WINDOWS/System32/Wbem
PATH: /cygdrive/c/WINDOWS/System32/WindowsPowerShell/v1.0
PATH: /cygdrive/c/Program Files/Notepad++
PATH: /cygdrive/c/Program Files (x86)/Windows Kits/8.1/Windows Performance Toolkit
PATH: /cygdrive/c/Program Files/Microsoft SQL Server/110/Tools/Binn
PATH: /cygdrive/c/Program Files (x86)/Microsoft SDKs/TypeScript/1.0
PATH: /cygdrive/c/Program Files/Microsoft SQL Server/120/Tools/Binn
PATH: /cygdrive/c/Users/baigali/.dnx/bin
PATH: /cygdrive/c/Program Files/Microsoft DNX/Dnvm
PATH: /cygdrive/c/Program Files/Microsoft SQL Server/130/Tools/Binn
PATH: /cygdrive/c/Program Files (x86)/Microsoft Emulator Manager/1.0
PATH: /cygdrive/f/devtools/java/x32/jdk1.8.0_121/bin
PATH: /cygdrive/f/devtools/python/python35-x64
PATH: /cygdrive/f/devtools/python/python35-x64/Scripts
PATH: /cygdrive/f/devtools/cmake-3.10.1-win64-x64/bin
PATH: /cygdrive/f/devtools/cppan
PATH: /cygdrive/f/devtools/java/x32/jdk1.8.0_121/jre/bin
PATH: /cygdrive/f/devtools/Git/cmd
PATH: /cygdrive/c/Users/baigali/AppData/Local/Microsoft/WindowsApps
PATH: /cygdrive/c/Program Files/Microsoft VS Code/bin


## ----------- ##
## Core tests. ##
## ----------- ##

configure:2745: checking build system type
configure:2759: result: x86_64-unknown-cygwin
configure:2779: checking host system type
configure:2792: result: x86_64-unknown-cygwin
configure:2812: checking target system type
configure:2825: result: x86_64-unknown-cygwin
configure:2922: checking for gsed
configure:2953: result: sed
configure:2981: checking for a BSD-compatible install
configure:3049: result: /usr/bin/install -c
configure:3060: checking whether build environment is sane
configure:3115: result: yes
configure:3263: checking for a thread-safe mkdir -p
configure:3302: result: /usr/bin/mkdir -p
configure:3309: checking for gawk
configure:3325: found /usr/bin/gawk
configure:3336: result: gawk
configure:3347: checking whether make sets $(MAKE)
configure:3369: result: yes
configure:3398: checking whether make supports nested variables
configure:3415: result: yes
configure:3558: checking for gcc
configure:3585: result: ../msvcc.sh  -DUSE_STATIC_RT -m64
configure:3814: checking for C compiler version
configure:3823: ../msvcc.sh  -DUSE_STATIC_RT -m64 --version >&5
cl -MD -nologo -W3 -DUSE_STATIC_RT --version
cl : Command line warning D9002 : ignoring unknown option '--version'
cl : Command line error D8003 : missing source filename
configure:3834: $? = 1
configure:3823: ../msvcc.sh  -DUSE_STATIC_RT -m64 -v >&5
cl -MD -nologo -W3 -DUSE_STATIC_RT -v
cl : Command line warning D9002 : ignoring unknown option '-v'
cl : Command line error D8003 : missing source filename
configure:3834: $? = 1
configure:3823: ../msvcc.sh  -DUSE_STATIC_RT -m64 -V >&5
cl -MD -nologo -W3 -DUSE_STATIC_RT -V
cl : Command line error D8004 : '/V' requires an argument
configure:3834: $? = 0
configure:3823: ../msvcc.sh  -DUSE_STATIC_RT -m64 -qversion >&5
cl -MD -nologo -W3 -DUSE_STATIC_RT -qversion
cl : Command line warning D9002 : ignoring unknown option '-qversion'
cl : Command line error D8003 : missing source filename
configure:3834: $? = 1
configure:3854: checking whether the C compiler works
configure:3876: ../msvcc.sh  -DUSE_STATIC_RT -m64 -O2   conftest.c  >&5
cl -MD -nologo -W3 -DUSE_STATIC_RT -O2 conftest.c -link -OPT:REF -OPT:ICF -INCREMENTAL:NO
conftest.c
configure:3880: $? = 0
configure:3928: result: yes
configure:3931: checking for C compiler default output file name
configure:3933: result: conftest.exe
configure:3939: checking for suffix of executables
configure:3946: ../msvcc.sh  -DUSE_STATIC_RT -m64 -o conftest.exe -O2   conftest.c  >&5
cl -MD -nologo -W3 -DUSE_STATIC_RT -Feconftest.exe -Fd./conftest -Fp./conftest -Fa./conftest -O2 conftest.c -link -OPT:REF -OPT:ICF -INCREMENTAL:NO
conftest.c
configure:3950: $? = 0
configure:3972: result: .exe
configure:3994: checking whether we are cross compiling
configure:4002: ../msvcc.sh  -DUSE_STATIC_RT -m64 -o conftest.exe -O2   conftest.c  >&5
cl -MD -nologo -W3 -DUSE_STATIC_RT -Feconftest.exe -Fd./conftest -Fp./conftest -Fa./conftest -O2 conftest.c -link -OPT:REF -OPT:ICF -INCREMENTAL:NO
conftest.c
conftest.c(15): warning C4996: 'fopen': This function or variable may be unsafe. Consider using fopen_s instead. To disable deprecation, use _CRT_SECURE_NO_WARNINGS. See online help for details.
C:\Program Files (x86)\Windows Kits\10\include\10.0.10240.0\ucrt\stdio.h(205): note: see declaration of 'fopen'
configure:4006: $? = 0
configure:4013: ./conftest.exe
configure:4017: $? = 0
configure:4032: result: no
configure:4037: checking for suffix of object files
configure:4059: ../msvcc.sh  -DUSE_STATIC_RT -m64 -c -O2  conftest.c >&5
cl -MD -nologo -W3 -DUSE_STATIC_RT -c -O2 conftest.c -link -OPT:REF -OPT:ICF -INCREMENTAL:NO
conftest.c
configure:4063: $? = 0
configure:4084: result: obj
configure:4088: checking whether we are using the GNU C compiler
configure:4107: ../msvcc.sh  -DUSE_STATIC_RT -m64 -c -O2  conftest.c >&5
cl -MD -nologo -W3 -DUSE_STATIC_RT -c -O2 conftest.c -link -OPT:REF -OPT:ICF -INCREMENTAL:NO
conftest.c
conftest.c(16): error C2065: 'choke': undeclared identifier
conftest.c(16): error C2146: syntax error: missing ';' before identifier 'me'
conftest.c(19): error C2065: 'me': undeclared identifier
configure:4107: $? = 0
configure: failed program was:
| /* confdefs.h */
| #define PACKAGE_NAME "libffi"
| #define PACKAGE_TARNAME "libffi"
| #define PACKAGE_VERSION "3.2.1"
| #define PACKAGE_STRING "libffi 3.2.1"
| #define PACKAGE_BUGREPORT "http://github.com/atgreen/libffi/issues"
| #define PACKAGE_URL ""
| #define PACKAGE "libffi"
| #define VERSION "3.2.1"
| /* end confdefs.h.  */
| 
| int
| main ()
| {
| #ifndef __GNUC__
|        choke me
| #endif
| 
|   ;
|   return 0;
| }
configure:4116: result: no
configure:4125: checking whether ../msvcc.sh  -DUSE_STATIC_RT -m64 accepts -g
configure:4145: ../msvcc.sh  -DUSE_STATIC_RT -m64 -c -g  conftest.c >&5
cl -MD -nologo -W3 -DUSE_STATIC_RT -c -Zi conftest.c
conftest.c
configure:4145: $? = 0
configure:4186: result: yes
configure:4203: checking for ../msvcc.sh  -DUSE_STATIC_RT -m64 option to accept ISO C89
configure:4266: ../msvcc.sh  -DUSE_STATIC_RT -m64  -c -O2  conftest.c >&5
cl -MD -nologo -W3 -DUSE_STATIC_RT -c -O2 conftest.c -link -OPT:REF -OPT:ICF -INCREMENTAL:NO
conftest.c
conftest.c(56): warning C4113: 'char *(__cdecl *)()' differs in parameter lists from 'char *(__cdecl *)(char **,int)'
configure:4266: $? = 0
configure:4279: result: none needed
configure:4310: checking for style of include used by make
configure:4338: result: GNU
configure:4364: checking dependency style of ../msvcc.sh  -DUSE_STATIC_RT -m64
configure:4475: result: none
configure:4602: checking for C++ compiler version
configure:4611: ../msvcc.sh  -DUSE_STATIC_RT -m64 --version >&5
cl -MD -nologo -W3 -DUSE_STATIC_RT --version
cl : Command line warning D9002 : ignoring unknown option '--version'
cl : Command line error D8003 : missing source filename
configure:4622: $? = 1
configure:4611: ../msvcc.sh  -DUSE_STATIC_RT -m64 -v >&5
cl -MD -nologo -W3 -DUSE_STATIC_RT -v
cl : Command line warning D9002 : ignoring unknown option '-v'
cl : Command line error D8003 : missing source filename
configure:4622: $? = 1
configure:4611: ../msvcc.sh  -DUSE_STATIC_RT -m64 -V >&5
cl -MD -nologo -W3 -DUSE_STATIC_RT -V
cl : Command line error D8004 : '/V' requires an argument
configure:4622: $? = 0
configure:4611: ../msvcc.sh  -DUSE_STATIC_RT -m64 -qversion >&5
cl -MD -nologo -W3 -DUSE_STATIC_RT -qversion
cl : Command line warning D9002 : ignoring unknown option '-qversion'
cl : Command line error D8003 : missing source filename
configure:4622: $? = 1
configure:4626: checking whether we are using the GNU C++ compiler
configure:4645: ../msvcc.sh  -DUSE_STATIC_RT -m64 -c   conftest.cpp >&5
cl -MD -nologo -W3 -DUSE_STATIC_RT -c conftest.cpp
conftest.cpp
conftest.cpp(19): error C2065: 'choke': undeclared identifier
conftest.cpp(19): error C2146: syntax error: missing ';' before identifier 'me'
conftest.cpp(19): error C2065: 'me': undeclared identifier
configure:4645: $? = 0
configure: failed program was:
| /* confdefs.h */
| #define PACKAGE_NAME "libffi"
| #define PACKAGE_TARNAME "libffi"
| #define PACKAGE_VERSION "3.2.1"
| #define PACKAGE_STRING "libffi 3.2.1"
| #define PACKAGE_BUGREPORT "http://github.com/atgreen/libffi/issues"
| #define PACKAGE_URL ""
| #define PACKAGE "libffi"
| #define VERSION "3.2.1"
| /* end confdefs.h.  */
| 
| int
| main ()
| {
| #ifndef __GNUC__
|        choke me
| #endif
| 
|   ;
|   return 0;
| }
configure:4654: result: no
configure:4663: checking whether ../msvcc.sh  -DUSE_STATIC_RT -m64 accepts -g
configure:4683: ../msvcc.sh  -DUSE_STATIC_RT -m64 -c -g  conftest.cpp >&5
cl -MD -nologo -W3 -DUSE_STATIC_RT -c -Zi conftest.cpp
conftest.cpp
configure:4683: $? = 0
configure:4724: result: yes
configure:4749: checking dependency style of ../msvcc.sh  -DUSE_STATIC_RT -m64
configure:4860: result: none
configure:4890: checking dependency style of ../msvcc.sh  -DUSE_STATIC_RT -m64
configure:4999: result: none
configure:5015: checking whether ../msvcc.sh  -DUSE_STATIC_RT -m64 and cc understand -c and -o together
configure:5046: ../msvcc.sh  -DUSE_STATIC_RT -m64 -c conftest.c -o conftest2.obj >&5
cl -MD -nologo -W3 -DUSE_STATIC_RT -c conftest.c -Foconftest2.obj -Fd./conftest2 -Fp./conftest2 -Fa./conftest2
conftest.c
configure:5050: $? = 0
configure:5056: ../msvcc.sh  -DUSE_STATIC_RT -m64 -c conftest.c -o conftest2.obj >&5
cl -MD -nologo -W3 -DUSE_STATIC_RT -c conftest.c -Foconftest2.obj -Fd./conftest2 -Fp./conftest2 -Fa./conftest2
conftest.c
configure:5060: $? = 0
configure:5071: cc -c conftest.c >&5
configure:5075: $? = 0
configure:5083: cc -c conftest.c -o conftest2.obj >&5
configure:5087: $? = 0
configure:5093: cc -c conftest.c -o conftest2.obj >&5
configure:5097: $? = 0
configure:5115: result: yes
configure:5186: checking how to print strings
configure:5213: result: printf
configure:5234: checking for a sed that does not truncate output
configure:5298: result: /usr/bin/sed
configure:5316: checking for grep that handles long lines and -e
configure:5374: result: /usr/bin/grep
configure:5379: checking for egrep
configure:5441: result: /usr/bin/grep -E
configure:5446: checking for fgrep
configure:5508: result: /usr/bin/grep -F
configure:5576: checking for non-GNU ld
configure:5610: result: link
configure:5617: checking if the linker (link) is GNU ld
configure:5632: result: no
configure:5644: checking for BSD- or MS-compatible name lister (nm)
configure:5693: result: /usr/bin/nm -B
configure:5823: checking the name lister (/usr/bin/nm -B) interface
configure:5830: ../msvcc.sh  -DUSE_STATIC_RT -m64 -c -O2  conftest.c >&5
cl -MD -nologo -W3 -DUSE_STATIC_RT -c -O2 conftest.c -link -OPT:REF -OPT:ICF -INCREMENTAL:NO
conftest.c
configure:5833: /usr/bin/nm -B "conftest.obj"
configure:5836: output
0000000000000000 b .bss
0000000000000000 N .debug$S
0000000000000000 i .drectve
0000000001045e92 a @comp.id
0000000080000190 a @feat.00
0000000000000000 B some_variable
configure:5843: result: BSD nm
configure:5846: checking whether ln -s works
configure:5850: result: yes
configure:5858: checking the maximum length of command line arguments
configure:5988: result: 8192
configure:6005: checking whether the shell understands some XSI constructs
configure:6015: result: yes
configure:6019: checking whether the shell understands "+="
configure:6025: result: yes
configure:6060: checking how to convert x86_64-unknown-cygwin file names to x86_64-unknown-cygwin format
configure:6100: result: func_convert_file_noop
configure:6107: checking how to convert x86_64-unknown-cygwin file names to toolchain format
configure:6127: result: func_convert_file_noop
configure:6134: checking for link option to reload object files
configure:6141: result: -r
configure:6215: checking for objdump
configure:6231: found /usr/bin/objdump
configure:6242: result: objdump
configure:6274: checking how to recognize dependent libraries
configure:6476: result: file_magic ^x86 archive import|^x86 DLL
configure:6561: checking for dlltool
configure:6577: found /usr/bin/dlltool
configure:6588: result: dlltool
configure:6621: checking how to associate runtime and link libraries
configure:6648: result: func_cygming_dll_for_implib
configure:6709: checking for ar
configure:6725: found /usr/bin/ar
configure:6736: result: ar
configure:6773: checking for archiver @FILE support
configure:6790: ../msvcc.sh  -DUSE_STATIC_RT -m64 -c -O2  conftest.c >&5
cl -MD -nologo -W3 -DUSE_STATIC_RT -c -O2 conftest.c -link -OPT:REF -OPT:ICF -INCREMENTAL:NO
conftest.c
configure:6790: $? = 0
configure:6793: ar cru libconftest.a @conftest.lst >&5
configure:6796: $? = 0
configure:6801: ar cru libconftest.a @conftest.lst >&5
ar: conftest.obj: No such file or directory
configure:6804: $? = 1
configure:6816: result: @
configure:6874: checking for strip
configure:6890: found /usr/bin/strip
configure:6901: result: strip
configure:6973: checking for ranlib
configure:6989: found /usr/bin/ranlib
configure:7000: result: ranlib
configure:7102: checking command to parse /usr/bin/nm -B output from ../msvcc.sh  -DUSE_STATIC_RT -m64 object
configure:7222: ../msvcc.sh  -DUSE_STATIC_RT -m64 -c -O2  conftest.c >&5
cl -MD -nologo -W3 -DUSE_STATIC_RT -c -O2 conftest.c -link -OPT:REF -OPT:ICF -INCREMENTAL:NO
conftest.c
configure:7225: $? = 0
configure:7229: /usr/bin/nm -B conftest.obj \| sed -n -e 's/^.*[ ]\([ABCDGIRSTW][ABCDGIRSTW]*\)[ ][ ]*\([_A-Za-z][_A-Za-z0-9]*\)$/\1 \2 \2/p' | sed '/ __gnu_lto/d' \> conftest.nm
configure:7232: $? = 0
configure:7298: ../msvcc.sh  -DUSE_STATIC_RT -m64 -o conftest.exe -O2   conftest.c conftstm.obj >&5
cl -MD -nologo -W3 -DUSE_STATIC_RT -Feconftest.exe -Fd./conftest -Fp./conftest -Fa./conftest -O2 conftest.c conftstm.obj -link -OPT:REF -OPT:ICF -INCREMENTAL:NO
conftest.c
configure:7301: $? = 0
configure:7339: result: ok
configure:7376: checking for sysroot
configure:7406: result: no
configure:7662: checking for mt
configure:7678: found /cygdrive/c/Program Files (x86)/Windows Kits/8.1/bin/x64/mt
configure:7689: result: mt
configure:7712: checking if mt is a manifest tool
configure:7718: mt '-?'
configure:7726: result: yes
configure:8368: checking how to run the C preprocessor
configure:8438: result: cl -nologo -EP
configure:8458: cl -nologo -EP  conftest.c
conftest.c
configure:8458: $? = 0
configure:8472: cl -nologo -EP  conftest.c
conftest.c
conftest.c(11): fatal error C1083: Cannot open include file: 'ac_nonexistent.h': No such file or directory
configure:8472: $? = 2
configure: failed program was:
| /* confdefs.h */
| #define PACKAGE_NAME "libffi"
| #define PACKAGE_TARNAME "libffi"
| #define PACKAGE_VERSION "3.2.1"
| #define PACKAGE_STRING "libffi 3.2.1"
| #define PACKAGE_BUGREPORT "http://github.com/atgreen/libffi/issues"
| #define PACKAGE_URL ""
| #define PACKAGE "libffi"
| #define VERSION "3.2.1"
| /* end confdefs.h.  */
| #include <ac_nonexistent.h>
configure:8501: checking for ANSI C header files
configure:8521: ../msvcc.sh  -DUSE_STATIC_RT -m64 -c -O2  conftest.c >&5
cl -MD -nologo -W3 -DUSE_STATIC_RT -c -O2 conftest.c -link -OPT:REF -OPT:ICF -INCREMENTAL:NO
conftest.c
configure:8521: $? = 0
conftest.c
conftest.c
configure:8594: ../msvcc.sh  -DUSE_STATIC_RT -m64 -o conftest.exe -O2   conftest.c  >&5
cl -MD -nologo -W3 -DUSE_STATIC_RT -Feconftest.exe -Fd./conftest -Fp./conftest -Fa./conftest -O2 conftest.c -link -OPT:REF -OPT:ICF -INCREMENTAL:NO
conftest.c
configure:8594: $? = 0
configure:8594: ./conftest.exe
configure:8594: $? = 0
configure:8605: result: yes
configure:8618: checking for sys/types.h
configure:8618: ../msvcc.sh  -DUSE_STATIC_RT -m64 -c -O2  conftest.c >&5
cl -MD -nologo -W3 -DUSE_STATIC_RT -c -O2 conftest.c -link -OPT:REF -OPT:ICF -INCREMENTAL:NO
conftest.c
configure:8618: $? = 0
configure:8618: result: yes
configure:8618: checking for sys/stat.h
configure:8618: ../msvcc.sh  -DUSE_STATIC_RT -m64 -c -O2  conftest.c >&5
cl -MD -nologo -W3 -DUSE_STATIC_RT -c -O2 conftest.c -link -OPT:REF -OPT:ICF -INCREMENTAL:NO
conftest.c
configure:8618: $? = 0
configure:8618: result: yes
configure:8618: checking for stdlib.h
configure:8618: ../msvcc.sh  -DUSE_STATIC_RT -m64 -c -O2  conftest.c >&5
cl -MD -nologo -W3 -DUSE_STATIC_RT -c -O2 conftest.c -link -OPT:REF -OPT:ICF -INCREMENTAL:NO
conftest.c
configure:8618: $? = 0
configure:8618: result: yes
configure:8618: checking for string.h
configure:8618: ../msvcc.sh  -DUSE_STATIC_RT -m64 -c -O2  conftest.c >&5
cl -MD -nologo -W3 -DUSE_STATIC_RT -c -O2 conftest.c -link -OPT:REF -OPT:ICF -INCREMENTAL:NO
conftest.c
configure:8618: $? = 0
configure:8618: result: yes
configure:8618: checking for memory.h
configure:8618: ../msvcc.sh  -DUSE_STATIC_RT -m64 -c -O2  conftest.c >&5
cl -MD -nologo -W3 -DUSE_STATIC_RT -c -O2 conftest.c -link -OPT:REF -OPT:ICF -INCREMENTAL:NO
conftest.c
configure:8618: $? = 0
configure:8618: result: yes
configure:8618: checking for strings.h
configure:8618: ../msvcc.sh  -DUSE_STATIC_RT -m64 -c -O2  conftest.c >&5
cl -MD -nologo -W3 -DUSE_STATIC_RT -c -O2 conftest.c -link -OPT:REF -OPT:ICF -INCREMENTAL:NO
conftest.c
conftest.c(51): fatal error C1083: Cannot open include file: 'strings.h': No such file or directory
configure:8618: $? = 0
configure: failed program was:
| /* confdefs.h */
| #define PACKAGE_NAME "libffi"
| #define PACKAGE_TARNAME "libffi"
| #define PACKAGE_VERSION "3.2.1"
| #define PACKAGE_STRING "libffi 3.2.1"
| #define PACKAGE_BUGREPORT "http://github.com/atgreen/libffi/issues"
| #define PACKAGE_URL ""
| #define PACKAGE "libffi"
| #define VERSION "3.2.1"
| #define STDC_HEADERS 1
| #define HAVE_SYS_TYPES_H 1
| #define HAVE_SYS_STAT_H 1
| #define HAVE_STDLIB_H 1
| #define HAVE_STRING_H 1
| #define HAVE_MEMORY_H 1
| /* end confdefs.h.  */
| #include <stdio.h>
| #ifdef HAVE_SYS_TYPES_H
| # include <sys/types.h>
| #endif
| #ifdef HAVE_SYS_STAT_H
| # include <sys/stat.h>
| #endif
| #ifdef STDC_HEADERS
| # include <stdlib.h>
| # include <stddef.h>
| #else
| # ifdef HAVE_STDLIB_H
| #  include <stdlib.h>
| # endif
| #endif
| #ifdef HAVE_STRING_H
| # if !defined STDC_HEADERS && defined HAVE_MEMORY_H
| #  include <memory.h>
| # endif
| # include <string.h>
| #endif
| #ifdef HAVE_STRINGS_H
| # include <strings.h>
| #endif
| #ifdef HAVE_INTTYPES_H
| # include <inttypes.h>
| #endif
| #ifdef HAVE_STDINT_H
| # include <stdint.h>
| #endif
| #ifdef HAVE_UNISTD_H
| # include <unistd.h>
| #endif
| 
| #include <strings.h>
configure:8618: result: no
configure:8618: checking for inttypes.h
configure:8618: ../msvcc.sh  -DUSE_STATIC_RT -m64 -c -O2  conftest.c >&5
cl -MD -nologo -W3 -DUSE_STATIC_RT -c -O2 conftest.c -link -OPT:REF -OPT:ICF -INCREMENTAL:NO
conftest.c
configure:8618: $? = 0
configure:8618: result: yes
configure:8618: checking for stdint.h
configure:8618: ../msvcc.sh  -DUSE_STATIC_RT -m64 -c -O2  conftest.c >&5
cl -MD -nologo -W3 -DUSE_STATIC_RT -c -O2 conftest.c -link -OPT:REF -OPT:ICF -INCREMENTAL:NO
conftest.c
configure:8618: $? = 0
configure:8618: result: yes
configure:8618: checking for unistd.h
configure:8618: ../msvcc.sh  -DUSE_STATIC_RT -m64 -c -O2  conftest.c >&5
cl -MD -nologo -W3 -DUSE_STATIC_RT -c -O2 conftest.c -link -OPT:REF -OPT:ICF -INCREMENTAL:NO
conftest.c
conftest.c(53): fatal error C1083: Cannot open include file: 'unistd.h': No such file or directory
configure:8618: $? = 0
configure: failed program was:
| /* confdefs.h */
| #define PACKAGE_NAME "libffi"
| #define PACKAGE_TARNAME "libffi"
| #define PACKAGE_VERSION "3.2.1"
| #define PACKAGE_STRING "libffi 3.2.1"
| #define PACKAGE_BUGREPORT "http://github.com/atgreen/libffi/issues"
| #define PACKAGE_URL ""
| #define PACKAGE "libffi"
| #define VERSION "3.2.1"
| #define STDC_HEADERS 1
| #define HAVE_SYS_TYPES_H 1
| #define HAVE_SYS_STAT_H 1
| #define HAVE_STDLIB_H 1
| #define HAVE_STRING_H 1
| #define HAVE_MEMORY_H 1
| #define HAVE_INTTYPES_H 1
| #define HAVE_STDINT_H 1
| /* end confdefs.h.  */
| #include <stdio.h>
| #ifdef HAVE_SYS_TYPES_H
| # include <sys/types.h>
| #endif
| #ifdef HAVE_SYS_STAT_H
| # include <sys/stat.h>
| #endif
| #ifdef STDC_HEADERS
| # include <stdlib.h>
| # include <stddef.h>
| #else
| # ifdef HAVE_STDLIB_H
| #  include <stdlib.h>
| # endif
| #endif
| #ifdef HAVE_STRING_H
| # if !defined STDC_HEADERS && defined HAVE_MEMORY_H
| #  include <memory.h>
| # endif
| # include <string.h>
| #endif
| #ifdef HAVE_STRINGS_H
| # include <strings.h>
| #endif
| #ifdef HAVE_INTTYPES_H
| # include <inttypes.h>
| #endif
| #ifdef HAVE_STDINT_H
| # include <stdint.h>
| #endif
| #ifdef HAVE_UNISTD_H
| # include <unistd.h>
| #endif
| 
| #include <unistd.h>
configure:8618: result: no
configure:8632: checking for dlfcn.h
configure:8632: ../msvcc.sh  -DUSE_STATIC_RT -m64 -c -O2  conftest.c >&5
cl -MD -nologo -W3 -DUSE_STATIC_RT -c -O2 conftest.c -link -OPT:REF -OPT:ICF -INCREMENTAL:NO
conftest.c
conftest.c(53): fatal error C1083: Cannot open include file: 'dlfcn.h': No such file or directory
configure:8632: $? = 0
configure: failed program was:
| /* confdefs.h */
| #define PACKAGE_NAME "libffi"
| #define PACKAGE_TARNAME "libffi"
| #define PACKAGE_VERSION "3.2.1"
| #define PACKAGE_STRING "libffi 3.2.1"
| #define PACKAGE_BUGREPORT "http://github.com/atgreen/libffi/issues"
| #define PACKAGE_URL ""
| #define PACKAGE "libffi"
| #define VERSION "3.2.1"
| #define STDC_HEADERS 1
| #define HAVE_SYS_TYPES_H 1
| #define HAVE_SYS_STAT_H 1
| #define HAVE_STDLIB_H 1
| #define HAVE_STRING_H 1
| #define HAVE_MEMORY_H 1
| #define HAVE_INTTYPES_H 1
| #define HAVE_STDINT_H 1
| /* end confdefs.h.  */
| #include <stdio.h>
| #ifdef HAVE_SYS_TYPES_H
| # include <sys/types.h>
| #endif
| #ifdef HAVE_SYS_STAT_H
| # include <sys/stat.h>
| #endif
| #ifdef STDC_HEADERS
| # include <stdlib.h>
| # include <stddef.h>
| #else
| # ifdef HAVE_STDLIB_H
| #  include <stdlib.h>
| # endif
| #endif
| #ifdef HAVE_STRING_H
| # if !defined STDC_HEADERS && defined HAVE_MEMORY_H
| #  include <memory.h>
| # endif
| # include <string.h>
| #endif
| #ifdef HAVE_STRINGS_H
| # include <strings.h>
| #endif
| #ifdef HAVE_INTTYPES_H
| # include <inttypes.h>
| #endif
| #ifdef HAVE_STDINT_H
| # include <stdint.h>
| #endif
| #ifdef HAVE_UNISTD_H
| # include <unistd.h>
| #endif
| 
| #include <dlfcn.h>
configure:8632: result: no
configure:8849: checking for objdir
configure:8864: result: .libs
cl -MD -nologo -W3 -DUSE_STATIC_RT -c -O2 conftest.c -link -OPT:REF -OPT:ICF -INCREMENTAL:NO
conftest.c
cl -MD -nologo -W3 -DUSE_STATIC_RT -Feconftest.exe -Fd./conftest -Fp./conftest -Fa./conftest -O2 conftest.c -link -OPT:REF -OPT:ICF -INCREMENTAL:NO
conftest.c
configure:9497: checking for ../msvcc.sh  -DUSE_STATIC_RT -m64 option to produce PIC
configure:9504: result: -DDLL_EXPORT -DPIC
configure:9512: checking if ../msvcc.sh  -DUSE_STATIC_RT -m64 PIC flag -DDLL_EXPORT -DPIC works
configure:9530: ../msvcc.sh  -DUSE_STATIC_RT -m64 -c -O2  -DDLL_EXPORT -DPIC -DPIC conftest.c >&5
cl -MD -nologo -W3 -DUSE_STATIC_RT -c -O2 -DDLL_EXPORT -DPIC -DPIC conftest.c -link -OPT:REF -OPT:ICF -INCREMENTAL:NO
conftest.c
configure:9534: $? = 0
configure:9547: result: yes
configure:9576: checking if ../msvcc.sh  -DUSE_STATIC_RT -m64 static flag  works
cl -MD -nologo -W3 -DUSE_STATIC_RT -Feconftest.exe -Fd./conftest -Fp./conftest -Fa./conftest -O2 conftest.c -link -OPT:REF -OPT:ICF -INCREMENTAL:NO
conftest.c
configure:9604: result: yes
configure:9619: checking if ../msvcc.sh  -DUSE_STATIC_RT -m64 supports -c -o file.obj
configure:9640: ../msvcc.sh  -DUSE_STATIC_RT -m64 -c -O2  -o out/conftest2.obj conftest.c >&5
../configure: line 9641: ../msvcc.sh: No such file or directory
configure:9644: $? = 127
configure:9666: result: no
configure:9674: checking if ../msvcc.sh  -DUSE_STATIC_RT -m64 supports -c -o file.obj
configure:9721: result: no
configure:9730: checking if we can lock with hard links
configure:9738: result: yes
configure:9754: checking whether the ../msvcc.sh  -DUSE_STATIC_RT -m64 linker (link) supports shared libraries
configure:10907: result: yes
configure:11147: checking dynamic linker characteristics
configure:11884: result: Win32 ld.exe
configure:11991: checking how to hardcode library paths into programs
configure:12016: result: immediate
configure:12556: checking whether stripping libraries is possible
configure:12561: result: yes
configure:12596: checking if libtool supports shared libraries
configure:12598: result: yes
configure:12601: checking whether to build shared libraries
configure:12622: result: yes
configure:12625: checking whether to build static libraries
configure:12629: result: yes
configure:12652: checking how to run the C++ preprocessor
configure:12679: ../msvcc.sh  -DUSE_STATIC_RT -m64 -E  conftest.cpp
conftest.cpp
configure:12679: $? = 0
configure:12693: ../msvcc.sh  -DUSE_STATIC_RT -m64 -E  conftest.cpp
conftest.cpp
conftest.cpp(20): fatal error C1083: Cannot open include file: 'ac_nonexistent.h': No such file or directory
configure:12693: $? = 0
configure:12679: ../msvcc.sh  -DUSE_STATIC_RT -m64 -E  conftest.cpp
conftest.cpp
configure:12679: $? = 0
configure: failed program was:
| /* confdefs.h */
| #define PACKAGE_NAME "libffi"
| #define PACKAGE_TARNAME "libffi"
| #define PACKAGE_VERSION "3.2.1"
| #define PACKAGE_STRING "libffi 3.2.1"
| #define PACKAGE_BUGREPORT "http://github.com/atgreen/libffi/issues"
| #define PACKAGE_URL ""
| #define PACKAGE "libffi"
| #define VERSION "3.2.1"
| #define STDC_HEADERS 1
| #define HAVE_SYS_TYPES_H 1
| #define HAVE_SYS_STAT_H 1
| #define HAVE_STDLIB_H 1
| #define HAVE_STRING_H 1
| #define HAVE_MEMORY_H 1
| #define HAVE_INTTYPES_H 1
| #define HAVE_STDINT_H 1
| #define LT_OBJDIR ".libs/"
| /* end confdefs.h.  */
| #ifdef __STDC__
| # include <limits.h>
| #else
| # include <assert.h>
| #endif
| 		     Syntax error
configure:12679: /lib/cpp  conftest.cpp
configure:12679: $? = 0
configure:12693: /lib/cpp  conftest.cpp
conftest.cpp:20:28: fatal error: ac_nonexistent.h: No such file or directory
compilation terminated.
configure:12693: $? = 1
configure: failed program was:
| /* confdefs.h */
| #define PACKAGE_NAME "libffi"
| #define PACKAGE_TARNAME "libffi"
| #define PACKAGE_VERSION "3.2.1"
| #define PACKAGE_STRING "libffi 3.2.1"
| #define PACKAGE_BUGREPORT "http://github.com/atgreen/libffi/issues"
| #define PACKAGE_URL ""
| #define PACKAGE "libffi"
| #define VERSION "3.2.1"
| #define STDC_HEADERS 1
| #define HAVE_SYS_TYPES_H 1
| #define HAVE_SYS_STAT_H 1
| #define HAVE_STDLIB_H 1
| #define HAVE_STRING_H 1
| #define HAVE_MEMORY_H 1
| #define HAVE_INTTYPES_H 1
| #define HAVE_STDINT_H 1
| #define LT_OBJDIR ".libs/"
| /* end confdefs.h.  */
| #include <ac_nonexistent.h>
configure:12718: result: /lib/cpp
configure:12738: /lib/cpp  conftest.cpp
configure:12738: $? = 0
configure:12752: /lib/cpp  conftest.cpp
conftest.cpp:20:28: fatal error: ac_nonexistent.h: No such file or directory
compilation terminated.
configure:12752: $? = 1
configure: failed program was:
| /* confdefs.h */
| #define PACKAGE_NAME "libffi"
| #define PACKAGE_TARNAME "libffi"
| #define PACKAGE_VERSION "3.2.1"
| #define PACKAGE_STRING "libffi 3.2.1"
| #define PACKAGE_BUGREPORT "http://github.com/atgreen/libffi/issues"
| #define PACKAGE_URL ""
| #define PACKAGE "libffi"
| #define VERSION "3.2.1"
| #define STDC_HEADERS 1
| #define HAVE_SYS_TYPES_H 1
| #define HAVE_SYS_STAT_H 1
| #define HAVE_STDLIB_H 1
| #define HAVE_STRING_H 1
| #define HAVE_MEMORY_H 1
| #define HAVE_INTTYPES_H 1
| #define HAVE_STDINT_H 1
| #define LT_OBJDIR ".libs/"
| /* end confdefs.h.  */
| #include <ac_nonexistent.h>
cl -MD -nologo -W3 -DUSE_STATIC_RT -c -Zi conftest.cpp
conftest.cpp
cl -MD -nologo -W3 -DUSE_STATIC_RT -Feconftest.exe -Fd./conftest -Fp./conftest -Fa./conftest -Zi conftest.cpp
conftest.cpp
configure:13065: checking whether the ../msvcc.sh  -DUSE_STATIC_RT -m64 linker (link) supports shared libraries
configure:14070: result: no
configure:14106: ../msvcc.sh  -DUSE_STATIC_RT -m64 -c -g  conftest.cpp >&5
cl -MD -nologo -W3 -DUSE_STATIC_RT -c -Zi conftest.cpp
conftest.cpp
configure:14109: $? = 0
configure:14629: checking for ../msvcc.sh  -DUSE_STATIC_RT -m64 option to produce PIC
configure:14636: result: -DDLL_EXPORT -DPIC
configure:14644: checking if ../msvcc.sh  -DUSE_STATIC_RT -m64 PIC flag -DDLL_EXPORT -DPIC works
configure:14662: ../msvcc.sh  -DUSE_STATIC_RT -m64 -c -g  -DDLL_EXPORT -DPIC -DPIC conftest.cpp >&5
cl -MD -nologo -W3 -DUSE_STATIC_RT -c -Zi -DDLL_EXPORT -DPIC -DPIC conftest.cpp
conftest.cpp
configure:14666: $? = 0
configure:14679: result: yes
configure:14702: checking if ../msvcc.sh  -DUSE_STATIC_RT -m64 static flag  works
cl -MD -nologo -W3 -DUSE_STATIC_RT -Feconftest.exe -Fd./conftest -Fp./conftest -Fa./conftest -Zi conftest.cpp
conftest.cpp
configure:14730: result: yes
configure:14742: checking if ../msvcc.sh  -DUSE_STATIC_RT -m64 supports -c -o file.obj
configure:14763: ../msvcc.sh  -DUSE_STATIC_RT -m64 -c -g  -o out/conftest2.obj conftest.cpp >&5
../configure: line 14764: ../msvcc.sh: No such file or directory
configure:14767: $? = 127
configure:14789: result: no
configure:14794: checking if ../msvcc.sh  -DUSE_STATIC_RT -m64 supports -c -o file.obj
configure:14841: result: no
configure:14850: checking if we can lock with hard links
configure:14858: result: yes
configure:14871: checking whether the ../msvcc.sh  -DUSE_STATIC_RT -m64 linker (link) supports shared libraries
configure:14907: result: no
configure:15048: checking dynamic linker characteristics
configure:15719: result: Win32 ld.exe
configure:15772: checking how to hardcode library paths into programs
configure:15797: result: immediate
configure:15865: checking size of size_t
configure:15870: ../msvcc.sh  -DUSE_STATIC_RT -m64 -o conftest.exe -O2   conftest.c  >&5
cl -MD -nologo -W3 -DUSE_STATIC_RT -Feconftest.exe -Fd./conftest -Fp./conftest -Fa./conftest -O2 conftest.c -link -OPT:REF -OPT:ICF -INCREMENTAL:NO
conftest.c
conftest.c(61): warning C4996: 'fopen': This function or variable may be unsafe. Consider using fopen_s instead. To disable deprecation, use _CRT_SECURE_NO_WARNINGS. See online help for details.
C:\Program Files (x86)\Windows Kits\10\include\10.0.10240.0\ucrt\stdio.h(205): note: see declaration of 'fopen'
configure:15870: $? = 0
configure:15870: ./conftest.exe
configure:15870: $? = 0
configure:15884: result: 8
configure:15895: checking for C compiler vendor
configure:15940: ../msvcc.sh  -DUSE_STATIC_RT -m64 -c -O2  conftest.c >&5
cl -MD -nologo -W3 -DUSE_STATIC_RT -c -O2 conftest.c -link -OPT:REF -OPT:ICF -INCREMENTAL:NO
conftest.c
conftest.c(27): error C2065: 'thisisanerror': undeclared identifier
configure:15940: $? = 0
configure: failed program was:
| /* confdefs.h */
| #define PACKAGE_NAME "libffi"
| #define PACKAGE_TARNAME "libffi"
| #define PACKAGE_VERSION "3.2.1"
| #define PACKAGE_STRING "libffi 3.2.1"
| #define PACKAGE_BUGREPORT "http://github.com/atgreen/libffi/issues"
| #define PACKAGE_URL ""
| #define PACKAGE "libffi"
| #define VERSION "3.2.1"
| #define STDC_HEADERS 1
| #define HAVE_SYS_TYPES_H 1
| #define HAVE_SYS_STAT_H 1
| #define HAVE_STDLIB_H 1
| #define HAVE_STRING_H 1
| #define HAVE_MEMORY_H 1
| #define HAVE_INTTYPES_H 1
| #define HAVE_STDINT_H 1
| #define LT_OBJDIR ".libs/"
| #define SIZEOF_SIZE_T 8
| /* end confdefs.h.  */
| 
| int
| main ()
| {
| 
|       #if !(defined(__ICC) || defined(__ECC) || defined(__INTEL_COMPILER))
|         thisisanerror;
|       #endif
| 
|   ;
|   return 0;
| }
configure:15940: ../msvcc.sh  -DUSE_STATIC_RT -m64 -c -O2  conftest.c >&5
cl -MD -nologo -W3 -DUSE_STATIC_RT -c -O2 conftest.c -link -OPT:REF -OPT:ICF -INCREMENTAL:NO
conftest.c
conftest.c(27): error C2065: 'thisisanerror': undeclared identifier
configure:15940: $? = 0
configure: failed program was:
| /* confdefs.h */
| #define PACKAGE_NAME "libffi"
| #define PACKAGE_TARNAME "libffi"
| #define PACKAGE_VERSION "3.2.1"
| #define PACKAGE_STRING "libffi 3.2.1"
| #define PACKAGE_BUGREPORT "http://github.com/atgreen/libffi/issues"
| #define PACKAGE_URL ""
| #define PACKAGE "libffi"
| #define VERSION "3.2.1"
| #define STDC_HEADERS 1
| #define HAVE_SYS_TYPES_H 1
| #define HAVE_SYS_STAT_H 1
| #define HAVE_STDLIB_H 1
| #define HAVE_STRING_H 1
| #define HAVE_MEMORY_H 1
| #define HAVE_INTTYPES_H 1
| #define HAVE_STDINT_H 1
| #define LT_OBJDIR ".libs/"
| #define SIZEOF_SIZE_T 8
| /* end confdefs.h.  */
| 
| int
| main ()
| {
| 
|       #if !(defined(__xlc__) || defined(__xlC__) || defined(__IBMC__) || defined(__IBMCPP__))
|         thisisanerror;
|       #endif
| 
|   ;
|   return 0;
| }
configure:15940: ../msvcc.sh  -DUSE_STATIC_RT -m64 -c -O2  conftest.c >&5
cl -MD -nologo -W3 -DUSE_STATIC_RT -c -O2 conftest.c -link -OPT:REF -OPT:ICF -INCREMENTAL:NO
conftest.c
conftest.c(27): error C2065: 'thisisanerror': undeclared identifier
configure:15940: $? = 0
configure: failed program was:
| /* confdefs.h */
| #define PACKAGE_NAME "libffi"
| #define PACKAGE_TARNAME "libffi"
| #define PACKAGE_VERSION "3.2.1"
| #define PACKAGE_STRING "libffi 3.2.1"
| #define PACKAGE_BUGREPORT "http://github.com/atgreen/libffi/issues"
| #define PACKAGE_URL ""
| #define PACKAGE "libffi"
| #define VERSION "3.2.1"
| #define STDC_HEADERS 1
| #define HAVE_SYS_TYPES_H 1
| #define HAVE_SYS_STAT_H 1
| #define HAVE_STDLIB_H 1
| #define HAVE_STRING_H 1
| #define HAVE_MEMORY_H 1
| #define HAVE_INTTYPES_H 1
| #define HAVE_STDINT_H 1
| #define LT_OBJDIR ".libs/"
| #define SIZEOF_SIZE_T 8
| /* end confdefs.h.  */
| 
| int
| main ()
| {
| 
|       #if !(defined(__PATHCC__) || defined(__PATHSCALE__))
|         thisisanerror;
|       #endif
| 
|   ;
|   return 0;
| }
configure:15940: ../msvcc.sh  -DUSE_STATIC_RT -m64 -c -O2  conftest.c >&5
cl -MD -nologo -W3 -DUSE_STATIC_RT -c -O2 conftest.c -link -OPT:REF -OPT:ICF -INCREMENTAL:NO
conftest.c
conftest.c(27): error C2065: 'thisisanerror': undeclared identifier
configure:15940: $? = 0
configure: failed program was:
| /* confdefs.h */
| #define PACKAGE_NAME "libffi"
| #define PACKAGE_TARNAME "libffi"
| #define PACKAGE_VERSION "3.2.1"
| #define PACKAGE_STRING "libffi 3.2.1"
| #define PACKAGE_BUGREPORT "http://github.com/atgreen/libffi/issues"
| #define PACKAGE_URL ""
| #define PACKAGE "libffi"
| #define VERSION "3.2.1"
| #define STDC_HEADERS 1
| #define HAVE_SYS_TYPES_H 1
| #define HAVE_SYS_STAT_H 1
| #define HAVE_STDLIB_H 1
| #define HAVE_STRING_H 1
| #define HAVE_MEMORY_H 1
| #define HAVE_INTTYPES_H 1
| #define HAVE_STDINT_H 1
| #define LT_OBJDIR ".libs/"
| #define SIZEOF_SIZE_T 8
| /* end confdefs.h.  */
| 
| int
| main ()
| {
| 
|       #if !(defined(__clang__))
|         thisisanerror;
|       #endif
| 
|   ;
|   return 0;
| }
configure:15940: ../msvcc.sh  -DUSE_STATIC_RT -m64 -c -O2  conftest.c >&5
cl -MD -nologo -W3 -DUSE_STATIC_RT -c -O2 conftest.c -link -OPT:REF -OPT:ICF -INCREMENTAL:NO
conftest.c
conftest.c(27): error C2065: 'thisisanerror': undeclared identifier
configure:15940: $? = 0
configure: failed program was:
| /* confdefs.h */
| #define PACKAGE_NAME "libffi"
| #define PACKAGE_TARNAME "libffi"
| #define PACKAGE_VERSION "3.2.1"
| #define PACKAGE_STRING "libffi 3.2.1"
| #define PACKAGE_BUGREPORT "http://github.com/atgreen/libffi/issues"
| #define PACKAGE_URL ""
| #define PACKAGE "libffi"
| #define VERSION "3.2.1"
| #define STDC_HEADERS 1
| #define HAVE_SYS_TYPES_H 1
| #define HAVE_SYS_STAT_H 1
| #define HAVE_STDLIB_H 1
| #define HAVE_STRING_H 1
| #define HAVE_MEMORY_H 1
| #define HAVE_INTTYPES_H 1
| #define HAVE_STDINT_H 1
| #define LT_OBJDIR ".libs/"
| #define SIZEOF_SIZE_T 8
| /* end confdefs.h.  */
| 
| int
| main ()
| {
| 
|       #if !(defined(__GNUC__))
|         thisisanerror;
|       #endif
| 
|   ;
|   return 0;
| }
configure:15940: ../msvcc.sh  -DUSE_STATIC_RT -m64 -c -O2  conftest.c >&5
cl -MD -nologo -W3 -DUSE_STATIC_RT -c -O2 conftest.c -link -OPT:REF -OPT:ICF -INCREMENTAL:NO
conftest.c
conftest.c(27): error C2065: 'thisisanerror': undeclared identifier
configure:15940: $? = 0
configure: failed program was:
| /* confdefs.h */
| #define PACKAGE_NAME "libffi"
| #define PACKAGE_TARNAME "libffi"
| #define PACKAGE_VERSION "3.2.1"
| #define PACKAGE_STRING "libffi 3.2.1"
| #define PACKAGE_BUGREPORT "http://github.com/atgreen/libffi/issues"
| #define PACKAGE_URL ""
| #define PACKAGE "libffi"
| #define VERSION "3.2.1"
| #define STDC_HEADERS 1
| #define HAVE_SYS_TYPES_H 1
| #define HAVE_SYS_STAT_H 1
| #define HAVE_STDLIB_H 1
| #define HAVE_STRING_H 1
| #define HAVE_MEMORY_H 1
| #define HAVE_INTTYPES_H 1
| #define HAVE_STDINT_H 1
| #define LT_OBJDIR ".libs/"
| #define SIZEOF_SIZE_T 8
| /* end confdefs.h.  */
| 
| int
| main ()
| {
| 
|       #if !(defined(__SUNPRO_C) || defined(__SUNPRO_CC))
|         thisisanerror;
|       #endif
| 
|   ;
|   return 0;
| }
configure:15940: ../msvcc.sh  -DUSE_STATIC_RT -m64 -c -O2  conftest.c >&5
cl -MD -nologo -W3 -DUSE_STATIC_RT -c -O2 conftest.c -link -OPT:REF -OPT:ICF -INCREMENTAL:NO
conftest.c
conftest.c(27): error C2065: 'thisisanerror': undeclared identifier
configure:15940: $? = 0
configure: failed program was:
| /* confdefs.h */
| #define PACKAGE_NAME "libffi"
| #define PACKAGE_TARNAME "libffi"
| #define PACKAGE_VERSION "3.2.1"
| #define PACKAGE_STRING "libffi 3.2.1"
| #define PACKAGE_BUGREPORT "http://github.com/atgreen/libffi/issues"
| #define PACKAGE_URL ""
| #define PACKAGE "libffi"
| #define VERSION "3.2.1"
| #define STDC_HEADERS 1
| #define HAVE_SYS_TYPES_H 1
| #define HAVE_SYS_STAT_H 1
| #define HAVE_STDLIB_H 1
| #define HAVE_STRING_H 1
| #define HAVE_MEMORY_H 1
| #define HAVE_INTTYPES_H 1
| #define HAVE_STDINT_H 1
| #define LT_OBJDIR ".libs/"
| #define SIZEOF_SIZE_T 8
| /* end confdefs.h.  */
| 
| int
| main ()
| {
| 
|       #if !(defined(__HP_cc) || defined(__HP_aCC))
|         thisisanerror;
|       #endif
| 
|   ;
|   return 0;
| }
configure:15940: ../msvcc.sh  -DUSE_STATIC_RT -m64 -c -O2  conftest.c >&5
cl -MD -nologo -W3 -DUSE_STATIC_RT -c -O2 conftest.c -link -OPT:REF -OPT:ICF -INCREMENTAL:NO
conftest.c
conftest.c(27): error C2065: 'thisisanerror': undeclared identifier
configure:15940: $? = 0
configure: failed program was:
| /* confdefs.h */
| #define PACKAGE_NAME "libffi"
| #define PACKAGE_TARNAME "libffi"
| #define PACKAGE_VERSION "3.2.1"
| #define PACKAGE_STRING "libffi 3.2.1"
| #define PACKAGE_BUGREPORT "http://github.com/atgreen/libffi/issues"
| #define PACKAGE_URL ""
| #define PACKAGE "libffi"
| #define VERSION "3.2.1"
| #define STDC_HEADERS 1
| #define HAVE_SYS_TYPES_H 1
| #define HAVE_SYS_STAT_H 1
| #define HAVE_STDLIB_H 1
| #define HAVE_STRING_H 1
| #define HAVE_MEMORY_H 1
| #define HAVE_INTTYPES_H 1
| #define HAVE_STDINT_H 1
| #define LT_OBJDIR ".libs/"
| #define SIZEOF_SIZE_T 8
| /* end confdefs.h.  */
| 
| int
| main ()
| {
| 
|       #if !(defined(__DECC) || defined(__DECCXX) || defined(__DECC_VER) || defined(__DECCXX_VER))
|         thisisanerror;
|       #endif
| 
|   ;
|   return 0;
| }
configure:15940: ../msvcc.sh  -DUSE_STATIC_RT -m64 -c -O2  conftest.c >&5
cl -MD -nologo -W3 -DUSE_STATIC_RT -c -O2 conftest.c -link -OPT:REF -OPT:ICF -INCREMENTAL:NO
conftest.c
conftest.c(27): error C2065: 'thisisanerror': undeclared identifier
configure:15940: $? = 0
configure: failed program was:
| /* confdefs.h */
| #define PACKAGE_NAME "libffi"
| #define PACKAGE_TARNAME "libffi"
| #define PACKAGE_VERSION "3.2.1"
| #define PACKAGE_STRING "libffi 3.2.1"
| #define PACKAGE_BUGREPORT "http://github.com/atgreen/libffi/issues"
| #define PACKAGE_URL ""
| #define PACKAGE "libffi"
| #define VERSION "3.2.1"
| #define STDC_HEADERS 1
| #define HAVE_SYS_TYPES_H 1
| #define HAVE_SYS_STAT_H 1
| #define HAVE_STDLIB_H 1
| #define HAVE_STRING_H 1
| #define HAVE_MEMORY_H 1
| #define HAVE_INTTYPES_H 1
| #define HAVE_STDINT_H 1
| #define LT_OBJDIR ".libs/"
| #define SIZEOF_SIZE_T 8
| /* end confdefs.h.  */
| 
| int
| main ()
| {
| 
|       #if !(defined(__BORLANDC__) || defined(__TURBOC__))
|         thisisanerror;
|       #endif
| 
|   ;
|   return 0;
| }
configure:15940: ../msvcc.sh  -DUSE_STATIC_RT -m64 -c -O2  conftest.c >&5
cl -MD -nologo -W3 -DUSE_STATIC_RT -c -O2 conftest.c -link -OPT:REF -OPT:ICF -INCREMENTAL:NO
conftest.c
conftest.c(27): error C2065: 'thisisanerror': undeclared identifier
configure:15940: $? = 0
configure: failed program was:
| /* confdefs.h */
| #define PACKAGE_NAME "libffi"
| #define PACKAGE_TARNAME "libffi"
| #define PACKAGE_VERSION "3.2.1"
| #define PACKAGE_STRING "libffi 3.2.1"
| #define PACKAGE_BUGREPORT "http://github.com/atgreen/libffi/issues"
| #define PACKAGE_URL ""
| #define PACKAGE "libffi"
| #define VERSION "3.2.1"
| #define STDC_HEADERS 1
| #define HAVE_SYS_TYPES_H 1
| #define HAVE_SYS_STAT_H 1
| #define HAVE_STDLIB_H 1
| #define HAVE_STRING_H 1
| #define HAVE_MEMORY_H 1
| #define HAVE_INTTYPES_H 1
| #define HAVE_STDINT_H 1
| #define LT_OBJDIR ".libs/"
| #define SIZEOF_SIZE_T 8
| /* end confdefs.h.  */
| 
| int
| main ()
| {
| 
|       #if !(defined(__COMO__))
|         thisisanerror;
|       #endif
| 
|   ;
|   return 0;
| }
configure:15940: ../msvcc.sh  -DUSE_STATIC_RT -m64 -c -O2  conftest.c >&5
cl -MD -nologo -W3 -DUSE_STATIC_RT -c -O2 conftest.c -link -OPT:REF -OPT:ICF -INCREMENTAL:NO
conftest.c
conftest.c(27): error C2065: 'thisisanerror': undeclared identifier
configure:15940: $? = 0
configure: failed program was:
| /* confdefs.h */
| #define PACKAGE_NAME "libffi"
| #define PACKAGE_TARNAME "libffi"
| #define PACKAGE_VERSION "3.2.1"
| #define PACKAGE_STRING "libffi 3.2.1"
| #define PACKAGE_BUGREPORT "http://github.com/atgreen/libffi/issues"
| #define PACKAGE_URL ""
| #define PACKAGE "libffi"
| #define VERSION "3.2.1"
| #define STDC_HEADERS 1
| #define HAVE_SYS_TYPES_H 1
| #define HAVE_SYS_STAT_H 1
| #define HAVE_STDLIB_H 1
| #define HAVE_STRING_H 1
| #define HAVE_MEMORY_H 1
| #define HAVE_INTTYPES_H 1
| #define HAVE_STDINT_H 1
| #define LT_OBJDIR ".libs/"
| #define SIZEOF_SIZE_T 8
| /* end confdefs.h.  */
| 
| int
| main ()
| {
| 
|       #if !(defined(_CRAYC))
|         thisisanerror;
|       #endif
| 
|   ;
|   return 0;
| }
configure:15940: ../msvcc.sh  -DUSE_STATIC_RT -m64 -c -O2  conftest.c >&5
cl -MD -nologo -W3 -DUSE_STATIC_RT -c -O2 conftest.c -link -OPT:REF -OPT:ICF -INCREMENTAL:NO
conftest.c
conftest.c(27): error C2065: 'thisisanerror': undeclared identifier
configure:15940: $? = 0
configure: failed program was:
| /* confdefs.h */
| #define PACKAGE_NAME "libffi"
| #define PACKAGE_TARNAME "libffi"
| #define PACKAGE_VERSION "3.2.1"
| #define PACKAGE_STRING "libffi 3.2.1"
| #define PACKAGE_BUGREPORT "http://github.com/atgreen/libffi/issues"
| #define PACKAGE_URL ""
| #define PACKAGE "libffi"
| #define VERSION "3.2.1"
| #define STDC_HEADERS 1
| #define HAVE_SYS_TYPES_H 1
| #define HAVE_SYS_STAT_H 1
| #define HAVE_STDLIB_H 1
| #define HAVE_STRING_H 1
| #define HAVE_MEMORY_H 1
| #define HAVE_INTTYPES_H 1
| #define HAVE_STDINT_H 1
| #define LT_OBJDIR ".libs/"
| #define SIZEOF_SIZE_T 8
| /* end confdefs.h.  */
| 
| int
| main ()
| {
| 
|       #if !(defined(__KCC))
|         thisisanerror;
|       #endif
| 
|   ;
|   return 0;
| }
configure:15940: ../msvcc.sh  -DUSE_STATIC_RT -m64 -c -O2  conftest.c >&5
cl -MD -nologo -W3 -DUSE_STATIC_RT -c -O2 conftest.c -link -OPT:REF -OPT:ICF -INCREMENTAL:NO
conftest.c
conftest.c(27): error C2065: 'thisisanerror': undeclared identifier
configure:15940: $? = 0
configure: failed program was:
| /* confdefs.h */
| #define PACKAGE_NAME "libffi"
| #define PACKAGE_TARNAME "libffi"
| #define PACKAGE_VERSION "3.2.1"
| #define PACKAGE_STRING "libffi 3.2.1"
| #define PACKAGE_BUGREPORT "http://github.com/atgreen/libffi/issues"
| #define PACKAGE_URL ""
| #define PACKAGE "libffi"
| #define VERSION "3.2.1"
| #define STDC_HEADERS 1
| #define HAVE_SYS_TYPES_H 1
| #define HAVE_SYS_STAT_H 1
| #define HAVE_STDLIB_H 1
| #define HAVE_STRING_H 1
| #define HAVE_MEMORY_H 1
| #define HAVE_INTTYPES_H 1
| #define HAVE_STDINT_H 1
| #define LT_OBJDIR ".libs/"
| #define SIZEOF_SIZE_T 8
| /* end confdefs.h.  */
| 
| int
| main ()
| {
| 
|       #if !(defined(__LCC__))
|         thisisanerror;
|       #endif
| 
|   ;
|   return 0;
| }
configure:15940: ../msvcc.sh  -DUSE_STATIC_RT -m64 -c -O2  conftest.c >&5
cl -MD -nologo -W3 -DUSE_STATIC_RT -c -O2 conftest.c -link -OPT:REF -OPT:ICF -INCREMENTAL:NO
conftest.c
conftest.c(27): error C2065: 'thisisanerror': undeclared identifier
configure:15940: $? = 0
configure: failed program was:
| /* confdefs.h */
| #define PACKAGE_NAME "libffi"
| #define PACKAGE_TARNAME "libffi"
| #define PACKAGE_VERSION "3.2.1"
| #define PACKAGE_STRING "libffi 3.2.1"
| #define PACKAGE_BUGREPORT "http://github.com/atgreen/libffi/issues"
| #define PACKAGE_URL ""
| #define PACKAGE "libffi"
| #define VERSION "3.2.1"
| #define STDC_HEADERS 1
| #define HAVE_SYS_TYPES_H 1
| #define HAVE_SYS_STAT_H 1
| #define HAVE_STDLIB_H 1
| #define HAVE_STRING_H 1
| #define HAVE_MEMORY_H 1
| #define HAVE_INTTYPES_H 1
| #define HAVE_STDINT_H 1
| #define LT_OBJDIR ".libs/"
| #define SIZEOF_SIZE_T 8
| /* end confdefs.h.  */
| 
| int
| main ()
| {
| 
|       #if !(defined(__sgi) || defined(sgi))
|         thisisanerror;
|       #endif
| 
|   ;
|   return 0;
| }
configure:15940: ../msvcc.sh  -DUSE_STATIC_RT -m64 -c -O2  conftest.c >&5
cl -MD -nologo -W3 -DUSE_STATIC_RT -c -O2 conftest.c -link -OPT:REF -OPT:ICF -INCREMENTAL:NO
conftest.c
configure:15940: $? = 0
configure:15948: result: microsoft
configure:16781: : CFLAGS="$CFLAGS "
configure:16784: $? = 0
configure:16799: checking CFLAGS for maximum warnings
configure:16819: ../msvcc.sh  -DUSE_STATIC_RT -m64 -c -O2  -warn all  -warn all  conftest.c >&5
cl -MD -nologo -W3 -DUSE_STATIC_RT -c -O2 -warn all -warn all conftest.c -link -OPT:REF -OPT:ICF -INCREMENTAL:NO
conftest.c
cl : Command line warning D9002 : ignoring unknown option '-warn'
cl : Command line warning D9002 : ignoring unknown option '-warn'
cl : Command line warning D9024 : unrecognized source file type 'all', object file assumed
cl : Command line warning D9027 : source file 'all' ignored
cl : Command line warning D9024 : unrecognized source file type 'all', object file assumed
cl : Command line warning D9027 : source file 'all' ignored
configure:16819: $? = 1
configure: failed program was:
| /* confdefs.h */
| #define PACKAGE_NAME "libffi"
| #define PACKAGE_TARNAME "libffi"
| #define PACKAGE_VERSION "3.2.1"
| #define PACKAGE_STRING "libffi 3.2.1"
| #define PACKAGE_BUGREPORT "http://github.com/atgreen/libffi/issues"
| #define PACKAGE_URL ""
| #define PACKAGE "libffi"
| #define VERSION "3.2.1"
| #define STDC_HEADERS 1
| #define HAVE_SYS_TYPES_H 1
| #define HAVE_SYS_STAT_H 1
| #define HAVE_STDLIB_H 1
| #define HAVE_STRING_H 1
| #define HAVE_MEMORY_H 1
| #define HAVE_INTTYPES_H 1
| #define HAVE_STDINT_H 1
| #define LT_OBJDIR ".libs/"
| #define SIZEOF_SIZE_T 8
| /* end confdefs.h.  */
| 
| int
| main ()
| {
| 
|   ;
|   return 0;
| }
configure:16819: ../msvcc.sh  -DUSE_STATIC_RT -m64 -c -O2  -pedantic  -Wall  conftest.c >&5
cl -MD -nologo -W3 -DUSE_STATIC_RT -c -O2 conftest.c -link -OPT:REF -OPT:ICF -INCREMENTAL:NO
conftest.c
configure:16819: $? = 0
configure:16827: result: -Wall
configure:16843: : CFLAGS="$CFLAGS $ac_cv_cflags_warn_all"
configure:16846: $? = 0
configure:16876: checking whether to enable maintainer-specific portions of Makefiles
configure:16885: result: no
configure:16901: checking sys/mman.h usability
configure:16901: ../msvcc.sh  -DUSE_STATIC_RT -m64 -c -O2  -Wall  conftest.c >&5
cl -MD -nologo -W3 -DUSE_STATIC_RT -c -O2 conftest.c -link -OPT:REF -OPT:ICF -INCREMENTAL:NO
conftest.c
conftest.c(54): fatal error C1083: Cannot open include file: 'sys/mman.h': No such file or directory
configure:16901: $? = 0
configure: failed program was:
| /* confdefs.h */
| #define PACKAGE_NAME "libffi"
| #define PACKAGE_TARNAME "libffi"
| #define PACKAGE_VERSION "3.2.1"
| #define PACKAGE_STRING "libffi 3.2.1"
| #define PACKAGE_BUGREPORT "http://github.com/atgreen/libffi/issues"
| #define PACKAGE_URL ""
| #define PACKAGE "libffi"
| #define VERSION "3.2.1"
| #define STDC_HEADERS 1
| #define HAVE_SYS_TYPES_H 1
| #define HAVE_SYS_STAT_H 1
| #define HAVE_STDLIB_H 1
| #define HAVE_STRING_H 1
| #define HAVE_MEMORY_H 1
| #define HAVE_INTTYPES_H 1
| #define HAVE_STDINT_H 1
| #define LT_OBJDIR ".libs/"
| #define SIZEOF_SIZE_T 8
| /* end confdefs.h.  */
| #include <stdio.h>
| #ifdef HAVE_SYS_TYPES_H
| # include <sys/types.h>
| #endif
| #ifdef HAVE_SYS_STAT_H
| # include <sys/stat.h>
| #endif
| #ifdef STDC_HEADERS
| # include <stdlib.h>
| # include <stddef.h>
| #else
| # ifdef HAVE_STDLIB_H
| #  include <stdlib.h>
| # endif
| #endif
| #ifdef HAVE_STRING_H
| # if !defined STDC_HEADERS && defined HAVE_MEMORY_H
| #  include <memory.h>
| # endif
| # include <string.h>
| #endif
| #ifdef HAVE_STRINGS_H
| # include <strings.h>
| #endif
| #ifdef HAVE_INTTYPES_H
| # include <inttypes.h>
| #endif
| #ifdef HAVE_STDINT_H
| # include <stdint.h>
| #endif
| #ifdef HAVE_UNISTD_H
| # include <unistd.h>
| #endif
| #include <sys/mman.h>
configure:16901: result: no
configure:16901: checking sys/mman.h presence
configure:16901: cl -nologo -EP  conftest.c
conftest.c
conftest.c(21): fatal error C1083: Cannot open include file: 'sys/mman.h': No such file or directory
configure:16901: $? = 2
configure: failed program was:
| /* confdefs.h */
| #define PACKAGE_NAME "libffi"
| #define PACKAGE_TARNAME "libffi"
| #define PACKAGE_VERSION "3.2.1"
| #define PACKAGE_STRING "libffi 3.2.1"
| #define PACKAGE_BUGREPORT "http://github.com/atgreen/libffi/issues"
| #define PACKAGE_URL ""
| #define PACKAGE "libffi"
| #define VERSION "3.2.1"
| #define STDC_HEADERS 1
| #define HAVE_SYS_TYPES_H 1
| #define HAVE_SYS_STAT_H 1
| #define HAVE_STDLIB_H 1
| #define HAVE_STRING_H 1
| #define HAVE_MEMORY_H 1
| #define HAVE_INTTYPES_H 1
| #define HAVE_STDINT_H 1
| #define LT_OBJDIR ".libs/"
| #define SIZEOF_SIZE_T 8
| /* end confdefs.h.  */
| #include <sys/mman.h>
configure:16901: result: no
configure:16901: checking for sys/mman.h
configure:16901: result: no
configure:16914: checking for mmap
configure:16914: ../msvcc.sh  -DUSE_STATIC_RT -m64 -o conftest.exe -O2  -Wall   conftest.c  >&5
cl -MD -nologo -W3 -DUSE_STATIC_RT -Feconftest.exe -Fd./conftest -Fp./conftest -Fa./conftest -O2 conftest.c -link -OPT:REF -OPT:ICF -INCREMENTAL:NO
conftest.c
conftest.obj : error LNK2019: unresolved external symbol mmap referenced in function main
conftest.exe : fatal error LNK1120: 1 unresolved externals
configure:16914: $? = 0
configure: failed program was:
| /* confdefs.h */
| #define PACKAGE_NAME "libffi"
| #define PACKAGE_TARNAME "libffi"
| #define PACKAGE_VERSION "3.2.1"
| #define PACKAGE_STRING "libffi 3.2.1"
| #define PACKAGE_BUGREPORT "http://github.com/atgreen/libffi/issues"
| #define PACKAGE_URL ""
| #define PACKAGE "libffi"
| #define VERSION "3.2.1"
| #define STDC_HEADERS 1
| #define HAVE_SYS_TYPES_H 1
| #define HAVE_SYS_STAT_H 1
| #define HAVE_STDLIB_H 1
| #define HAVE_STRING_H 1
| #define HAVE_MEMORY_H 1
| #define HAVE_INTTYPES_H 1
| #define HAVE_STDINT_H 1
| #define LT_OBJDIR ".libs/"
| #define SIZEOF_SIZE_T 8
| /* end confdefs.h.  */
| /* Define mmap to an innocuous variant, in case <limits.h> declares mmap.
|    For example, HP-UX 11i <limits.h> declares gettimeofday.  */
| #define mmap innocuous_mmap
| 
| /* System header to define __stub macros and hopefully few prototypes,
|     which can conflict with char mmap (); below.
|     Prefer <limits.h> to <assert.h> if __STDC__ is defined, since
|     <limits.h> exists even on freestanding compilers.  */
| 
| #ifdef __STDC__
| # include <limits.h>
| #else
| # include <assert.h>
| #endif
| 
| #undef mmap
| 
| /* Override any GCC internal prototype to avoid an error.
|    Use char because int might match the return type of a GCC
|    builtin and then its argument prototype would still apply.  */
| #ifdef __cplusplus
| extern "C"
| #endif
| char mmap ();
| /* The GNU C library defines this for functions which it implements
|     to always fail with ENOSYS.  Some functions are actually named
|     something starting with __ and the normal name is an alias.  */
| #if defined __stub_mmap || defined __stub___mmap
| choke me
| #endif
| 
| int
| main ()
| {
| return mmap ();
|   ;
|   return 0;
| }
configure:16914: result: no
configure:16914: checking for mkostemp
configure:16914: ../msvcc.sh  -DUSE_STATIC_RT -m64 -o conftest.exe -O2  -Wall   conftest.c  >&5
cl -MD -nologo -W3 -DUSE_STATIC_RT -Feconftest.exe -Fd./conftest -Fp./conftest -Fa./conftest -O2 conftest.c -link -OPT:REF -OPT:ICF -INCREMENTAL:NO
conftest.c
conftest.obj : error LNK2019: unresolved external symbol mkostemp referenced in function main
conftest.exe : fatal error LNK1120: 1 unresolved externals
configure:16914: $? = 0
configure: failed program was:
| /* confdefs.h */
| #define PACKAGE_NAME "libffi"
| #define PACKAGE_TARNAME "libffi"
| #define PACKAGE_VERSION "3.2.1"
| #define PACKAGE_STRING "libffi 3.2.1"
| #define PACKAGE_BUGREPORT "http://github.com/atgreen/libffi/issues"
| #define PACKAGE_URL ""
| #define PACKAGE "libffi"
| #define VERSION "3.2.1"
| #define STDC_HEADERS 1
| #define HAVE_SYS_TYPES_H 1
| #define HAVE_SYS_STAT_H 1
| #define HAVE_STDLIB_H 1
| #define HAVE_STRING_H 1
| #define HAVE_MEMORY_H 1
| #define HAVE_INTTYPES_H 1
| #define HAVE_STDINT_H 1
| #define LT_OBJDIR ".libs/"
| #define SIZEOF_SIZE_T 8
| /* end confdefs.h.  */
| /* Define mkostemp to an innocuous variant, in case <limits.h> declares mkostemp.
|    For example, HP-UX 11i <limits.h> declares gettimeofday.  */
| #define mkostemp innocuous_mkostemp
| 
| /* System header to define __stub macros and hopefully few prototypes,
|     which can conflict with char mkostemp (); below.
|     Prefer <limits.h> to <assert.h> if __STDC__ is defined, since
|     <limits.h> exists even on freestanding compilers.  */
| 
| #ifdef __STDC__
| # include <limits.h>
| #else
| # include <assert.h>
| #endif
| 
| #undef mkostemp
| 
| /* Override any GCC internal prototype to avoid an error.
|    Use char because int might match the return type of a GCC
|    builtin and then its argument prototype would still apply.  */
| #ifdef __cplusplus
| extern "C"
| #endif
| char mkostemp ();
| /* The GNU C library defines this for functions which it implements
|     to always fail with ENOSYS.  Some functions are actually named
|     something starting with __ and the normal name is an alias.  */
| #if defined __stub_mkostemp || defined __stub___mkostemp
| choke me
| #endif
| 
| int
| main ()
| {
| return mkostemp ();
|   ;
|   return 0;
| }
configure:16914: result: no
configure:16924: checking for sys/mman.h
configure:16924: result: no
configure:16932: checking for mmap
configure:16932: result: no
configure:17622: checking for ANSI C header files
configure:17726: result: yes
configure:17736: checking for memcpy
configure:17736: ../msvcc.sh  -DUSE_STATIC_RT -m64 -o conftest.exe -O2  -Wall   conftest.c  >&5
cl -MD -nologo -W3 -DUSE_STATIC_RT -Feconftest.exe -Fd./conftest -Fp./conftest -Fa./conftest -O2 conftest.c -link -OPT:REF -OPT:ICF -INCREMENTAL:NO
conftest.c
conftest.c(45): warning C4391: 'char memcpy()': incorrect return type for intrinsic function, expected 'void'
conftest.c(56): error C2168: 'memcpy': too few actual parameters for intrinsic function
configure:17736: $? = 0
configure: failed program was:
| /* confdefs.h */
| #define PACKAGE_NAME "libffi"
| #define PACKAGE_TARNAME "libffi"
| #define PACKAGE_VERSION "3.2.1"
| #define PACKAGE_STRING "libffi 3.2.1"
| #define PACKAGE_BUGREPORT "http://github.com/atgreen/libffi/issues"
| #define PACKAGE_URL ""
| #define PACKAGE "libffi"
| #define VERSION "3.2.1"
| #define STDC_HEADERS 1
| #define HAVE_SYS_TYPES_H 1
| #define HAVE_SYS_STAT_H 1
| #define HAVE_STDLIB_H 1
| #define HAVE_STRING_H 1
| #define HAVE_MEMORY_H 1
| #define HAVE_INTTYPES_H 1
| #define HAVE_STDINT_H 1
| #define LT_OBJDIR ".libs/"
| #define SIZEOF_SIZE_T 8
| #define STDC_HEADERS 1
| /* end confdefs.h.  */
| /* Define memcpy to an innocuous variant, in case <limits.h> declares memcpy.
|    For example, HP-UX 11i <limits.h> declares gettimeofday.  */
| #define memcpy innocuous_memcpy
| 
| /* System header to define __stub macros and hopefully few prototypes,
|     which can conflict with char memcpy (); below.
|     Prefer <limits.h> to <assert.h> if __STDC__ is defined, since
|     <limits.h> exists even on freestanding compilers.  */
| 
| #ifdef __STDC__
| # include <limits.h>
| #else
| # include <assert.h>
| #endif
| 
| #undef memcpy
| 
| /* Override any GCC internal prototype to avoid an error.
|    Use char because int might match the return type of a GCC
|    builtin and then its argument prototype would still apply.  */
| #ifdef __cplusplus
| extern "C"
| #endif
| char memcpy ();
| /* The GNU C library defines this for functions which it implements
|     to always fail with ENOSYS.  Some functions are actually named
|     something starting with __ and the normal name is an alias.  */
| #if defined __stub_memcpy || defined __stub___memcpy
| choke me
| #endif
| 
| int
| main ()
| {
| return memcpy ();
|   ;
|   return 0;
| }
configure:17736: result: no
configure:17745: checking for size_t
configure:17745: ../msvcc.sh  -DUSE_STATIC_RT -m64 -c -O2  -Wall  conftest.c >&5
cl -MD -nologo -W3 -DUSE_STATIC_RT -c -O2 conftest.c -link -OPT:REF -OPT:ICF -INCREMENTAL:NO
conftest.c
configure:17745: $? = 0
configure:17745: ../msvcc.sh  -DUSE_STATIC_RT -m64 -c -O2  -Wall  conftest.c >&5
cl -MD -nologo -W3 -DUSE_STATIC_RT -c -O2 conftest.c -link -OPT:REF -OPT:ICF -INCREMENTAL:NO
conftest.c
conftest.c(58): error C2059: syntax error: ')'
configure:17745: $? = 0
configure: failed program was:
| /* confdefs.h */
| #define PACKAGE_NAME "libffi"
| #define PACKAGE_TARNAME "libffi"
| #define PACKAGE_VERSION "3.2.1"
| #define PACKAGE_STRING "libffi 3.2.1"
| #define PACKAGE_BUGREPORT "http://github.com/atgreen/libffi/issues"
| #define PACKAGE_URL ""
| #define PACKAGE "libffi"
| #define VERSION "3.2.1"
| #define STDC_HEADERS 1
| #define HAVE_SYS_TYPES_H 1
| #define HAVE_SYS_STAT_H 1
| #define HAVE_STDLIB_H 1
| #define HAVE_STRING_H 1
| #define HAVE_MEMORY_H 1
| #define HAVE_INTTYPES_H 1
| #define HAVE_STDINT_H 1
| #define LT_OBJDIR ".libs/"
| #define SIZEOF_SIZE_T 8
| #define STDC_HEADERS 1
| /* end confdefs.h.  */
| #include <stdio.h>
| #ifdef HAVE_SYS_TYPES_H
| # include <sys/types.h>
| #endif
| #ifdef HAVE_SYS_STAT_H
| # include <sys/stat.h>
| #endif
| #ifdef STDC_HEADERS
| # include <stdlib.h>
| # include <stddef.h>
| #else
| # ifdef HAVE_STDLIB_H
| #  include <stdlib.h>
| # endif
| #endif
| #ifdef HAVE_STRING_H
| # if !defined STDC_HEADERS && defined HAVE_MEMORY_H
| #  include <memory.h>
| # endif
| # include <string.h>
| #endif
| #ifdef HAVE_STRINGS_H
| # include <strings.h>
| #endif
| #ifdef HAVE_INTTYPES_H
| # include <inttypes.h>
| #endif
| #ifdef HAVE_STDINT_H
| # include <stdint.h>
| #endif
| #ifdef HAVE_UNISTD_H
| # include <unistd.h>
| #endif
| int
| main ()
| {
| if (sizeof ((size_t)))
| 	    return 0;
|   ;
|   return 0;
| }
configure:17745: result: yes
configure:17758: checking for working alloca.h
configure:17775: ../msvcc.sh  -DUSE_STATIC_RT -m64 -o conftest.exe -O2  -Wall   conftest.c  >&5
cl -MD -nologo -W3 -DUSE_STATIC_RT -Feconftest.exe -Fd./conftest -Fp./conftest -Fa./conftest -O2 conftest.c -link -OPT:REF -OPT:ICF -INCREMENTAL:NO
conftest.c
conftest.c(22): fatal error C1083: Cannot open include file: 'alloca.h': No such file or directory
configure:17775: $? = 0
configure: failed program was:
| /* confdefs.h */
| #define PACKAGE_NAME "libffi"
| #define PACKAGE_TARNAME "libffi"
| #define PACKAGE_VERSION "3.2.1"
| #define PACKAGE_STRING "libffi 3.2.1"
| #define PACKAGE_BUGREPORT "http://github.com/atgreen/libffi/issues"
| #define PACKAGE_URL ""
| #define PACKAGE "libffi"
| #define VERSION "3.2.1"
| #define STDC_HEADERS 1
| #define HAVE_SYS_TYPES_H 1
| #define HAVE_SYS_STAT_H 1
| #define HAVE_STDLIB_H 1
| #define HAVE_STRING_H 1
| #define HAVE_MEMORY_H 1
| #define HAVE_INTTYPES_H 1
| #define HAVE_STDINT_H 1
| #define LT_OBJDIR ".libs/"
| #define SIZEOF_SIZE_T 8
| #define STDC_HEADERS 1
| /* end confdefs.h.  */
| #include <alloca.h>
| int
| main ()
| {
| char *p = (char *) alloca (2 * sizeof (int));
| 			  if (p) return 0;
|   ;
|   return 0;
| }
configure:17783: result: no
configure:17791: checking for alloca
configure:17828: ../msvcc.sh  -DUSE_STATIC_RT -m64 -o conftest.exe -O2  -Wall   conftest.c  >&5
cl -MD -nologo -W3 -DUSE_STATIC_RT -Feconftest.exe -Fd./conftest -Fp./conftest -Fa./conftest -O2 conftest.c -link -OPT:REF -OPT:ICF -INCREMENTAL:NO
conftest.c
configure:17828: $? = 0
configure:17836: result: yes
configure:17947: checking size of double
configure:17952: ../msvcc.sh  -DUSE_STATIC_RT -m64 -o conftest.exe -O2  -Wall   conftest.c  >&5
cl -MD -nologo -W3 -DUSE_STATIC_RT -Feconftest.exe -Fd./conftest -Fp./conftest -Fa./conftest -O2 conftest.c -link -OPT:REF -OPT:ICF -INCREMENTAL:NO
conftest.c
conftest.c(64): warning C4996: 'fopen': This function or variable may be unsafe. Consider using fopen_s instead. To disable deprecation, use _CRT_SECURE_NO_WARNINGS. See online help for details.
C:\Program Files (x86)\Windows Kits\10\include\10.0.10240.0\ucrt\stdio.h(205): note: see declaration of 'fopen'
configure:17952: $? = 0
configure:17952: ./conftest.exe
configure:17952: $? = 0
configure:17966: result: 8
configure:17980: checking size of long double
configure:17985: ../msvcc.sh  -DUSE_STATIC_RT -m64 -o conftest.exe -O2  -Wall   conftest.c  >&5
cl -MD -nologo -W3 -DUSE_STATIC_RT -Feconftest.exe -Fd./conftest -Fp./conftest -Fa./conftest -O2 conftest.c -link -OPT:REF -OPT:ICF -INCREMENTAL:NO
conftest.c
conftest.c(65): warning C4996: 'fopen': This function or variable may be unsafe. Consider using fopen_s instead. To disable deprecation, use _CRT_SECURE_NO_WARNINGS. See online help for details.
C:\Program Files (x86)\Windows Kits\10\include\10.0.10240.0\ucrt\stdio.h(205): note: see declaration of 'fopen'
configure:17985: $? = 0
configure:17985: ./conftest.exe
configure:17985: $? = 0
configure:17999: result: 8
configure:18032: checking whether byte ordering is bigendian
configure:18047: ../msvcc.sh  -DUSE_STATIC_RT -m64 -c -O2  -Wall  conftest.c >&5
cl -MD -nologo -W3 -DUSE_STATIC_RT -c -O2 conftest.c -link -OPT:REF -OPT:ICF -INCREMENTAL:NO
conftest.c
conftest.c(26): error C2061: syntax error: identifier 'a'
conftest.c(26): error C2059: syntax error: ';'
conftest.c(26): error C2061: syntax error: identifier 'capable'
conftest.c(28): error C2054: expected '(' to follow 'compiler'
conftest.c(28): error C2085: 'dummy': not in formal parameter list
conftest.c(30): fatal error C1004: unexpected end-of-file found
configure:18047: $? = 0
configure: failed program was:
| /* confdefs.h */
| #define PACKAGE_NAME "libffi"
| #define PACKAGE_TARNAME "libffi"
| #define PACKAGE_VERSION "3.2.1"
| #define PACKAGE_STRING "libffi 3.2.1"
| #define PACKAGE_BUGREPORT "http://github.com/atgreen/libffi/issues"
| #define PACKAGE_URL ""
| #define PACKAGE "libffi"
| #define VERSION "3.2.1"
| #define STDC_HEADERS 1
| #define HAVE_SYS_TYPES_H 1
| #define HAVE_SYS_STAT_H 1
| #define HAVE_STDLIB_H 1
| #define HAVE_STRING_H 1
| #define HAVE_MEMORY_H 1
| #define HAVE_INTTYPES_H 1
| #define HAVE_STDINT_H 1
| #define LT_OBJDIR ".libs/"
| #define SIZEOF_SIZE_T 8
| #define STDC_HEADERS 1
| #define HAVE_ALLOCA 1
| #define SIZEOF_DOUBLE 8
| #define SIZEOF_LONG_DOUBLE 8
| /* end confdefs.h.  */
| #ifndef __APPLE_CC__
| 	       not a universal capable compiler
| 	     #endif
| 	     typedef int dummy;
| 
configure:18092: ../msvcc.sh  -DUSE_STATIC_RT -m64 -c -O2  -Wall  conftest.c >&5
cl -MD -nologo -W3 -DUSE_STATIC_RT -c -O2 conftest.c -link -OPT:REF -OPT:ICF -INCREMENTAL:NO
conftest.c
conftest.c(26): fatal error C1083: Cannot open include file: 'sys/param.h': No such file or directory
configure:18092: $? = 0
configure: failed program was:
| /* confdefs.h */
| #define PACKAGE_NAME "libffi"
| #define PACKAGE_TARNAME "libffi"
| #define PACKAGE_VERSION "3.2.1"
| #define PACKAGE_STRING "libffi 3.2.1"
| #define PACKAGE_BUGREPORT "http://github.com/atgreen/libffi/issues"
| #define PACKAGE_URL ""
| #define PACKAGE "libffi"
| #define VERSION "3.2.1"
| #define STDC_HEADERS 1
| #define HAVE_SYS_TYPES_H 1
| #define HAVE_SYS_STAT_H 1
| #define HAVE_STDLIB_H 1
| #define HAVE_STRING_H 1
| #define HAVE_MEMORY_H 1
| #define HAVE_INTTYPES_H 1
| #define HAVE_STDINT_H 1
| #define LT_OBJDIR ".libs/"
| #define SIZEOF_SIZE_T 8
| #define STDC_HEADERS 1
| #define HAVE_ALLOCA 1
| #define SIZEOF_DOUBLE 8
| #define SIZEOF_LONG_DOUBLE 8
| /* end confdefs.h.  */
| #include <sys/types.h>
| 	     #include <sys/param.h>
| 
| int
| main ()
| {
| #if ! (defined BYTE_ORDER && defined BIG_ENDIAN 		     && defined LITTLE_ENDIAN && BYTE_ORDER && BIG_ENDIAN 		     && LITTLE_ENDIAN)
| 	      bogus endian macros
| 	     #endif
| 
|   ;
|   return 0;
| }
configure:18136: ../msvcc.sh  -DUSE_STATIC_RT -m64 -c -O2  -Wall  conftest.c >&5
cl -MD -nologo -W3 -DUSE_STATIC_RT -c -O2 conftest.c -link -OPT:REF -OPT:ICF -INCREMENTAL:NO
conftest.c
conftest.c(31): error C2065: 'bogus': undeclared identifier
conftest.c(31): error C2146: syntax error: missing ';' before identifier 'endian'
conftest.c(31): error C2065: 'endian': undeclared identifier
conftest.c(31): error C2146: syntax error: missing ';' before identifier 'macros'
conftest.c(34): error C2065: 'macros': undeclared identifier
configure:18136: $? = 0
configure: failed program was:
| /* confdefs.h */
| #define PACKAGE_NAME "libffi"
| #define PACKAGE_TARNAME "libffi"
| #define PACKAGE_VERSION "3.2.1"
| #define PACKAGE_STRING "libffi 3.2.1"
| #define PACKAGE_BUGREPORT "http://github.com/atgreen/libffi/issues"
| #define PACKAGE_URL ""
| #define PACKAGE "libffi"
| #define VERSION "3.2.1"
| #define STDC_HEADERS 1
| #define HAVE_SYS_TYPES_H 1
| #define HAVE_SYS_STAT_H 1
| #define HAVE_STDLIB_H 1
| #define HAVE_STRING_H 1
| #define HAVE_MEMORY_H 1
| #define HAVE_INTTYPES_H 1
| #define HAVE_STDINT_H 1
| #define LT_OBJDIR ".libs/"
| #define SIZEOF_SIZE_T 8
| #define STDC_HEADERS 1
| #define HAVE_ALLOCA 1
| #define SIZEOF_DOUBLE 8
| #define SIZEOF_LONG_DOUBLE 8
| /* end confdefs.h.  */
| #include <limits.h>
| 
| int
| main ()
| {
| #if ! (defined _LITTLE_ENDIAN || defined _BIG_ENDIAN)
| 	      bogus endian macros
| 	     #endif
| 
|   ;
|   return 0;
| }
configure:18227: ../msvcc.sh  -DUSE_STATIC_RT -m64 -o conftest.exe -O2  -Wall   conftest.c  >&5
cl -MD -nologo -W3 -DUSE_STATIC_RT -Feconftest.exe -Fd./conftest -Fp./conftest -Fa./conftest -O2 conftest.c -link -OPT:REF -OPT:ICF -INCREMENTAL:NO
conftest.c
configure:18227: $? = 0
configure:18227: ./conftest.exe
configure:18227: $? = 0
configure:18238: result: no
configure:18257: checking assembler .cfi pseudo-op support
configure:18275: ../msvcc.sh  -DUSE_STATIC_RT -m64 -c -O2  -Wall  conftest.c >&5
cl -MD -nologo -W3 -DUSE_STATIC_RT -c -O2 conftest.c -link -OPT:REF -OPT:ICF -INCREMENTAL:NO
conftest.c
conftest.c(25): error C2143: syntax error: missing ')' before 'string'
conftest.c(25): error C2143: syntax error: missing '{' before 'string'
conftest.c(25): error C2059: syntax error: 'string'
conftest.c(25): error C2059: syntax error: ')'
configure:18275: $? = 0
configure: failed program was:
| /* confdefs.h */
| #define PACKAGE_NAME "libffi"
| #define PACKAGE_TARNAME "libffi"
| #define PACKAGE_VERSION "3.2.1"
| #define PACKAGE_STRING "libffi 3.2.1"
| #define PACKAGE_BUGREPORT "http://github.com/atgreen/libffi/issues"
| #define PACKAGE_URL ""
| #define PACKAGE "libffi"
| #define VERSION "3.2.1"
| #define STDC_HEADERS 1
| #define HAVE_SYS_TYPES_H 1
| #define HAVE_SYS_STAT_H 1
| #define HAVE_STDLIB_H 1
| #define HAVE_STRING_H 1
| #define HAVE_MEMORY_H 1
| #define HAVE_INTTYPES_H 1
| #define HAVE_STDINT_H 1
| #define LT_OBJDIR ".libs/"
| #define SIZEOF_SIZE_T 8
| #define STDC_HEADERS 1
| #define HAVE_ALLOCA 1
| #define SIZEOF_DOUBLE 8
| #define SIZEOF_LONG_DOUBLE 8
| /* end confdefs.h.  */
| asm (".cfi_startproc\n\t.cfi_endproc");
| int
| main ()
| {
| 
|   ;
|   return 0;
| }
configure:18283: result: no
configure:18472: checking for _ prefix in compiled symbols
configure:18482: ../msvcc.sh  -DUSE_STATIC_RT -m64 -c -O2  -Wall  conftest.c >&5
cl -MD -nologo -W3 -DUSE_STATIC_RT -c -O2 conftest.c -link -OPT:REF -OPT:ICF -INCREMENTAL:NO
conftest.c
conftest.c(2): warning C4550: expression evaluates to a function which is missing an argument list
configure:18485: $? = 0
configure:18489: /usr/bin/nm -B conftest.obj \| sed -n -e 's/^.*[	 ]\([ABCDGIRSTW][ABCDGIRSTW]*\)[	 ][	 ]*\([_A-Za-z][_A-Za-z0-9]*\)$/\1 \2 \2/p' | sed '/ __gnu_lto/d' \> conftest.nm
configure:18492: $? = 0
configure:18514: result: no
configure:18859: checking that generated files are newer than configure
configure:18865: result: done
configure:19077: creating ./config.status

## ---------------------- ##
## Running config.status. ##
## ---------------------- ##

This file was extended by libffi config.status 3.2.1, which was
generated by GNU Autoconf 2.69.  Invocation command line was

  CONFIG_FILES    = 
  CONFIG_HEADERS  = 
  CONFIG_LINKS    = 
  CONFIG_COMMANDS = 
  $ ./config.status 

on DESKTOP-ATVVED1

config.status:1276: creating include/Makefile
config.status:1276: creating include/ffi.h
config.status:1276: creating Makefile
config.status:1276: creating testsuite/Makefile
config.status:1276: creating man/Makefile
config.status:1276: creating libffi.pc
config.status:1276: creating fficonfig.h
config.status:1502: linking ../src/x86/ffitarget.h to include/ffitarget.h
config.status:1521: executing buildir commands
config.status:1534: skipping top_srcdir/Makefile - not created
config.status:1521: executing depfiles commands
config.status:1521: executing libtool commands
config.status:1521: executing include commands
config.status:1521: executing src commands

## ---------------- ##
## Cache variables. ##
## ---------------- ##

ac_cv_build=x86_64-unknown-cygwin
ac_cv_c_bigendian=no
ac_cv_c_compiler_gnu=no
ac_cv_cflags_warn_all=-Wall
ac_cv_cxx_compiler_gnu=no
ac_cv_env_CCASFLAGS_set=
ac_cv_env_CCASFLAGS_value=
ac_cv_env_CCAS_set=
ac_cv_env_CCAS_value=
ac_cv_env_CPPFLAGS_set=
ac_cv_env_CPPFLAGS_value=
ac_cv_env_CPP_set=set
ac_cv_env_CPP_value='cl -nologo -EP'
ac_cv_env_CXXCPP_set=
ac_cv_env_CXXCPP_value=
ac_cv_env_build_alias_set=
ac_cv_env_build_alias_value=
ac_cv_env_host_alias_set=
ac_cv_env_host_alias_value=
ac_cv_env_target_alias_set=
ac_cv_env_target_alias_value=
ac_cv_exeext=.exe
ac_cv_func_alloca_works=yes
ac_cv_func_memcpy=no
ac_cv_func_mkostemp=no
ac_cv_func_mmap=no
ac_cv_func_mmap_anon=no
ac_cv_func_mmap_dev_zero=no
ac_cv_func_mmap_file=no
ac_cv_header_dlfcn_h=no
ac_cv_header_inttypes_h=yes
ac_cv_header_memory_h=yes
ac_cv_header_stdc=yes
ac_cv_header_stdint_h=yes
ac_cv_header_stdlib_h=yes
ac_cv_header_string_h=yes
ac_cv_header_strings_h=no
ac_cv_header_sys_mman_h=no
ac_cv_header_sys_stat_h=yes
ac_cv_header_sys_types_h=yes
ac_cv_header_unistd_h=no
ac_cv_host=x86_64-unknown-cygwin
ac_cv_objext=obj
ac_cv_path_EGREP='/usr/bin/grep -E'
ac_cv_path_FGREP='/usr/bin/grep -F'
ac_cv_path_GREP=/usr/bin/grep
ac_cv_path_SED=/usr/bin/sed
ac_cv_path_ax_enable_builddir_sed=sed
ac_cv_path_install='/usr/bin/install -c'
ac_cv_path_mkdir=/usr/bin/mkdir
ac_cv_prog_AWK=gawk
ac_cv_prog_CPP='cl -nologo -EP'
ac_cv_prog_CXXCPP=/lib/cpp
ac_cv_prog_ac_ct_AR=ar
ac_cv_prog_ac_ct_CC='../msvcc.sh  -DUSE_STATIC_RT -m64'
ac_cv_prog_ac_ct_DLLTOOL=dlltool
ac_cv_prog_ac_ct_MANIFEST_TOOL=mt
ac_cv_prog_ac_ct_OBJDUMP=objdump
ac_cv_prog_ac_ct_RANLIB=ranlib
ac_cv_prog_ac_ct_STRIP=strip
ac_cv_prog_cc____msvcc_sh_c_o=yes
ac_cv_prog_cc_c89=
ac_cv_prog_cc_g=yes
ac_cv_prog_cxx_g=yes
ac_cv_prog_make_make_set=yes
ac_cv_sizeof_double=8
ac_cv_sizeof_long_double=8
ac_cv_sizeof_size_t=8
ac_cv_target=x86_64-unknown-cygwin
ac_cv_type_size_t=yes
ac_cv_working_alloca_h=no
am_cv_CCAS_dependencies_compiler_type=none
am_cv_CC_dependencies_compiler_type=none
am_cv_CXX_dependencies_compiler_type=none
am_cv_make_support_nested_variables=yes
ax_cv_c_compiler_vendor=microsoft
gcc_cv_as_cfi_pseudo_op=no
lt_cv_ar_at_file=@
lt_cv_deplibs_check_method='file_magic ^x86 archive import|^x86 DLL'
lt_cv_file_magic_cmd=func_win32_libid
lt_cv_file_magic_test_file=
lt_cv_ld_reload_flag=-r
lt_cv_nm_interface='BSD nm'
lt_cv_objdir=.libs
lt_cv_path_LD=link
lt_cv_path_LDCXX=
lt_cv_path_NM='/usr/bin/nm -B'
lt_cv_path_mainfest_tool=yes
lt_cv_prog_compiler_c_o=no
lt_cv_prog_compiler_c_o_CXX=no
lt_cv_prog_compiler_pic='-DDLL_EXPORT -DPIC'
lt_cv_prog_compiler_pic_CXX='-DDLL_EXPORT -DPIC'
lt_cv_prog_compiler_pic_works=yes
lt_cv_prog_compiler_pic_works_CXX=yes
lt_cv_prog_compiler_static_works=yes
lt_cv_prog_compiler_static_works_CXX=yes
lt_cv_prog_gnu_ld=no
lt_cv_prog_gnu_ldcxx=
lt_cv_sharedlib_from_linklib_cmd=func_cygming_dll_for_implib
lt_cv_sys_global_symbol_pipe='sed -n -e '\''s/^.*[	 ]\([ABCDGIRSTW][ABCDGIRSTW]*\)[	 ][	 ]*\([_A-Za-z][_A-Za-z0-9]*\)$/\1 \2 \2/p'\'' | sed '\''/ __gnu_lto/d'\'''
lt_cv_sys_global_symbol_to_c_name_address='sed -n -e '\''s/^: \([^ ]*\)[ ]*$/  {\"\1\", (void *) 0},/p'\'' -e '\''s/^[ABCDGIRSTW]* \([^ ]*\) \([^ ]*\)$/  {"\2", (void *) \&\2},/p'\'''
lt_cv_sys_global_symbol_to_c_name_address_lib_prefix='sed -n -e '\''s/^: \([^ ]*\)[ ]*$/  {\"\1\", (void *) 0},/p'\'' -e '\''s/^[ABCDGIRSTW]* \([^ ]*\) \(lib[^ ]*\)$/  {"\2", (void *) \&\2},/p'\'' -e '\''s/^[ABCDGIRSTW]* \([^ ]*\) \([^ ]*\)$/  {"lib\2", (void *) \&\2},/p'\'''
lt_cv_sys_global_symbol_to_cdecl='sed -n -e '\''s/^T .* \(.*\)$/extern int \1();/p'\'' -e '\''s/^[ABCDGIRSTW]* .* \(.*\)$/extern char \1;/p'\'''
lt_cv_sys_max_cmd_len=8192
lt_cv_sys_symbol_underscore=no
lt_cv_to_host_file_cmd=func_convert_file_noop
lt_cv_to_tool_file_cmd=func_convert_file_noop

## ----------------- ##
## Output variables. ##
## ----------------- ##

AARCH64_FALSE=''
AARCH64_TRUE='#'
ACLOCAL='${SHELL} /cygdrive/f/workspace/vs14/x64/libffi-3.2.1/missing aclocal-1.13'
ALLOCA=''
ALPHA_FALSE=''
ALPHA_TRUE='#'
AMDEPBACKSLASH='\'
AMDEP_FALSE='#'
AMDEP_TRUE=''
AMTAR='$${TAR-tar}'
AM_BACKSLASH='\'
AM_DEFAULT_V='$(AM_DEFAULT_VERBOSITY)'
AM_DEFAULT_VERBOSITY='1'
AM_LTLDFLAGS='-no-undefined -bindir "$(bindir)"'
AM_RUNTESTFLAGS=''
AM_V='$(V)'
AR='ar'
ARC_FALSE=''
ARC_TRUE='#'
ARM_FALSE=''
ARM_TRUE='#'
AUTOCONF='${SHELL} /cygdrive/f/workspace/vs14/x64/libffi-3.2.1/missing autoconf'
AUTOHEADER='${SHELL} /cygdrive/f/workspace/vs14/x64/libffi-3.2.1/missing autoheader'
AUTOMAKE='${SHELL} /cygdrive/f/workspace/vs14/x64/libffi-3.2.1/missing automake-1.13'
AVR32_FALSE=''
AVR32_TRUE='#'
AWK='gawk'
BFIN_FALSE=''
BFIN_TRUE='#'
CC='../msvcc.sh  -DUSE_STATIC_RT -m64'
CCAS='../msvcc.sh  -DUSE_STATIC_RT -m64'
CCASDEPMODE='depmode=none'
CCASFLAGS='-O2'
CCDEPMODE='depmode=none'
CFLAGS='-O2  -Wall'
CPP='cl -nologo -EP'
CPPFLAGS=''
CXX='../msvcc.sh  -DUSE_STATIC_RT -m64'
CXXCPP='/lib/cpp'
CXXDEPMODE='depmode=none'
CXXFLAGS='-g'
CYGPATH_W='cygpath -w'
DEFS='-DHAVE_CONFIG_H'
DEPDIR='.deps'
DLLTOOL='dlltool'
DSYMUTIL=''
DUMPBIN=''
ECHO_C=''
ECHO_N='-n'
ECHO_T=''
EGREP='/usr/bin/grep -E'
EXEEXT='.exe'
FFI_DEBUG_FALSE=''
FFI_DEBUG_TRUE='#'
FFI_EXEC_TRAMPOLINE_TABLE='0'
FFI_EXEC_TRAMPOLINE_TABLE_FALSE=''
FFI_EXEC_TRAMPOLINE_TABLE_TRUE='#'
FGREP='/usr/bin/grep -F'
FRV_FALSE=''
FRV_TRUE='#'
GREP='/usr/bin/grep'
HAVE_LONG_DOUBLE='0'
HAVE_LONG_DOUBLE_VARIANT='0'
IA64_FALSE=''
IA64_TRUE='#'
INSTALL_DATA='${INSTALL} -m 644'
INSTALL_PROGRAM='${INSTALL}'
INSTALL_SCRIPT='${INSTALL}'
INSTALL_STRIP_PROGRAM='$(install_sh) -c -s'
LD='link'
LDFLAGS=''
LIBFFI_CRIS_FALSE=''
LIBFFI_CRIS_TRUE='#'
LIBOBJS=''
LIBS=''
LIBTOOL='$(SHELL) $(top_builddir)/libtool'
LIPO=''
LN_S='ln -s'
LTLIBOBJS=''
M32R_FALSE=''
M32R_TRUE='#'
M68K_FALSE=''
M68K_TRUE='#'
M88K_FALSE=''
M88K_TRUE='#'
MAINT='#'
MAINTAINER_MODE_FALSE=''
MAINTAINER_MODE_TRUE='#'
MAKEINFO='${SHELL} /cygdrive/f/workspace/vs14/x64/libffi-3.2.1/missing makeinfo'
MANIFEST_TOOL='mt'
METAG_FALSE=''
METAG_TRUE='#'
MICROBLAZE_FALSE=''
MICROBLAZE_TRUE='#'
MIPS_FALSE=''
MIPS_TRUE='#'
MKDIR_P='/usr/bin/mkdir -p'
MOXIE_FALSE=''
MOXIE_TRUE='#'
NIOS2_FALSE=''
NIOS2_TRUE='#'
NM='/usr/bin/nm -B'
NMEDIT=''
OBJDUMP='objdump'
OBJEXT='obj'
OR1K_FALSE=''
OR1K_TRUE='#'
OTOOL64=''
OTOOL=''
PA64_HPUX_FALSE=''
PA64_HPUX_TRUE='#'
PACKAGE='libffi'
PACKAGE_BUGREPORT='http://github.com/atgreen/libffi/issues'
PACKAGE_NAME='libffi'
PACKAGE_STRING='libffi 3.2.1'
PACKAGE_TARNAME='libffi'
PACKAGE_URL=''
PACKAGE_VERSION='3.2.1'
PATH_SEPARATOR=':'
PA_HPUX_FALSE=''
PA_HPUX_TRUE='#'
PA_LINUX_FALSE=''
PA_LINUX_TRUE='#'
POWERPC_AIX_FALSE=''
POWERPC_AIX_TRUE='#'
POWERPC_DARWIN_FALSE=''
POWERPC_DARWIN_TRUE='#'
POWERPC_FALSE=''
POWERPC_FREEBSD_FALSE=''
POWERPC_FREEBSD_TRUE='#'
POWERPC_TRUE='#'
PRTDIAG=''
RANLIB='ranlib'
S390_FALSE=''
S390_TRUE='#'
SED='/usr/bin/sed'
SET_MAKE=''
SH64_FALSE=''
SH64_TRUE='#'
SHELL='/bin/sh'
SH_FALSE=''
SH_TRUE='#'
SPARC_FALSE=''
SPARC_TRUE='#'
STRIP='strip'
TARGET='X86_WIN64'
TARGETDIR='x86'
TESTSUBDIR_FALSE='#'
TESTSUBDIR_TRUE=''
TILE_FALSE=''
TILE_TRUE='#'
VAX_FALSE=''
VAX_TRUE='#'
VERSION='3.2.1'
X86_64_FALSE=''
X86_64_TRUE='#'
X86_DARWIN32_FALSE=''
X86_DARWIN32_TRUE='#'
X86_DARWIN64_FALSE=''
X86_DARWIN64_TRUE='#'
X86_DARWIN_FALSE=''
X86_DARWIN_TRUE='#'
X86_FALSE=''
X86_FREEBSD_FALSE=''
X86_FREEBSD_TRUE='#'
X86_TRUE='#'
X86_WIN32_FALSE=''
X86_WIN32_TRUE='#'
X86_WIN64_FALSE='#'
X86_WIN64_TRUE=''
XTENSA_FALSE=''
XTENSA_TRUE='#'
ac_ct_AR='ar'
ac_ct_CC='../msvcc.sh  -DUSE_STATIC_RT -m64'
ac_ct_CXX=''
ac_ct_DUMPBIN=''
am__EXEEXT_FALSE='#'
am__EXEEXT_TRUE=''
am__fastdepCCAS_FALSE=''
am__fastdepCCAS_TRUE='#'
am__fastdepCC_FALSE=''
am__fastdepCC_TRUE='#'
am__fastdepCXX_FALSE=''
am__fastdepCXX_TRUE='#'
am__include='include'
am__isrc=' -I$(srcdir)'
am__leading_dot='.'
am__nodep='_no'
am__quote=''
am__tar='$${TAR-tar} chof - "$$tardir"'
am__untar='$${TAR-tar} xf -'
ax_enable_builddir_sed='sed'
bindir='${exec_prefix}/bin'
build='x86_64-unknown-cygwin'
build_alias=''
build_cpu='x86_64'
build_os='cygwin'
build_vendor='unknown'
datadir='${datarootdir}'
datarootdir='${prefix}/share'
docdir='${datarootdir}/doc/${PACKAGE_TARNAME}'
dvidir='${docdir}'
exec_prefix='${prefix}'
host='x86_64-unknown-cygwin'
host_alias=''
host_cpu='x86_64'
host_os='cygwin'
host_vendor='unknown'
htmldir='${docdir}'
includedir='${prefix}/include'
infodir='${datarootdir}/info'
install_sh='${SHELL} /cygdrive/f/workspace/vs14/x64/libffi-3.2.1/install-sh'
libdir='${exec_prefix}/lib'
libexecdir='${exec_prefix}/libexec'
localedir='${datarootdir}/locale'
localstatedir='${prefix}/var'
mandir='${datarootdir}/man'
mkdir_p='$(MKDIR_P)'
oldincludedir='/usr/include'
pdfdir='${docdir}'
prefix='/cygdrive/f/workspace/vs14/x64/libffi-3.2.1/build_x64/install'
program_transform_name='s,x,x,'
psdir='${docdir}'
sbindir='${exec_prefix}/sbin'
sharedstatedir='${prefix}/com'
sys_symbol_underscore='no'
sysconfdir='${prefix}/etc'
target='x86_64-unknown-cygwin'
target_alias=''
target_cpu='x86_64'
target_os='cygwin'
target_vendor='unknown'
toolexecdir=''
toolexeclibdir='${exec_prefix}/lib'

## ----------- ##
## confdefs.h. ##
## ----------- ##

/* confdefs.h */
#define PACKAGE_NAME "libffi"
#define PACKAGE_TARNAME "libffi"
#define PACKAGE_VERSION "3.2.1"
#define PACKAGE_STRING "libffi 3.2.1"
#define PACKAGE_BUGREPORT "http://github.com/atgreen/libffi/issues"
#define PACKAGE_URL ""
#define PACKAGE "libffi"
#define VERSION "3.2.1"
#define STDC_HEADERS 1
#define HAVE_SYS_TYPES_H 1
#define HAVE_SYS_STAT_H 1
#define HAVE_STDLIB_H 1
#define HAVE_STRING_H 1
#define HAVE_MEMORY_H 1
#define HAVE_INTTYPES_H 1
#define HAVE_STDINT_H 1
#define LT_OBJDIR ".libs/"
#define SIZEOF_SIZE_T 8
#define STDC_HEADERS 1
#define HAVE_ALLOCA 1
#define SIZEOF_DOUBLE 8
#define SIZEOF_LONG_DOUBLE 8

configure: exit 0
